{"source": "web-platform-tests", "thread": "MainThread", "time": 1433515372208, "action": "log", "message": "Using 4 client processes", "level": "INFO", "pid": 17815}
{"source": "web-platform-tests", "thread": "MainThread", "time": 1433515372285, "action": "log", "message": "Generating new CA in /tmp/tmpVTL74z", "level": "INFO", "pid": 17815}
{"thread": "MainThread", "process": "17994", "pid": 17815, "source": "web-platform-tests", "command": "/usr/bin/openssl req -config /tmp/tmpVTL74z/openssl.cfg -batch -new -newkey rsa:2048 -keyout /tmp/tmpVTL74z/cakey.pem -out /tmp/tmpVTL74z/careq.pem -subj /CN=web-platform-tests -passout pass:web-platform-tests", "time": 1433515372663, "action": "process_output", "data": "Generating a 2048 bit RSA private key\n...................................................................................................+++\n...........................................+++\nwriting new private key to '/tmp/tmpVTL74z/cakey.pem'\n-----\n"}
{"thread": "MainThread", "process": "17995", "pid": 17815, "source": "web-platform-tests", "command": "/usr/bin/openssl ca -config /tmp/tmpVTL74z/openssl.cfg -batch -create_serial -keyfile /tmp/tmpVTL74z/cakey.pem -passin pass:web-platform-tests -selfsign -extensions v3_ca -in /tmp/tmpVTL74z/careq.pem -out /tmp/tmpVTL74z/cacert.pem", "time": 1433515372681, "action": "process_output", "data": "Using configuration from /tmp/tmpVTL74z/openssl.cfg\nCheck that the request matches the signature\nSignature ok\nCertificate Details:\n        Serial Number: 1 (0x1)\n        Validity\n            Not Before: Jun  5 14:42:52 2015 GMT\n            Not After : Jul  5 14:42:52 2015 GMT\n        Subject:\n            commonName                = web-platform-tests\n        X509v3 extensions:\n            X509v3 Basic Constraints: \n                CA:TRUE\n            X509v3 Subject Key Identifier: \n                2C:49:84:E8:4A:66:B7:A7:EC:14:94:D9:0E:1D:05:8C:FD:5A:00:1E\n            X509v3 Authority Key Identifier: \n                keyid:2C:49:84:E8:4A:66:B7:A7:EC:14:94:D9:0E:1D:05:8C:FD:5A:00:1E\n                DirName:/CN=web-platform-tests\n                serial:01\n\n            X509v3 Key Usage: \n                Certificate Sign\n            X509v3 Extended Key Usage: \n                TLS Web Server Authentication\nCertificate is to be certified until Jul  5 14:42:52 2015 GMT (30 days)\n\nWrite out database with 1 new entries\nData Base Updated\n"}
{"source": "web-platform-tests", "thread": "MainThread", "time": 1433515372682, "action": "log", "message": "Generating new host cert", "level": "INFO", "pid": 17815}
{"thread": "MainThread", "process": "17996", "pid": 17815, "source": "web-platform-tests", "command": "/usr/bin/openssl req -config /tmp/tmpVTL74z/openssl.cfg -batch -newkey rsa:2048 -keyout /tmp/tmpVTL74z/localhost.key -in /tmp/tmpVTL74z/cakey.pem -nodes -out /tmp/tmpVTL74z/wpt.req", "time": 1433515372927, "action": "process_output", "data": "Generating a 2048 bit RSA private key\n.......................................................................+++\n.....................+++\nwriting new private key to '/tmp/tmpVTL74z/localhost.key'\n-----\n"}
{"thread": "MainThread", "process": "17997", "pid": 17815, "source": "web-platform-tests", "command": "/usr/bin/openssl ca -config /tmp/tmpVTL74z/openssl.cfg -batch -in /tmp/tmpVTL74z/wpt.req -passin pass:web-platform-tests -subj /CN=localhost -out /tmp/tmpVTL74z/localhost.pem", "time": 1433515372946, "action": "process_output", "data": "Using configuration from /tmp/tmpVTL74z/openssl.cfg\nCheck that the request matches the signature\nSignature ok\nCertificate Details:\n        Serial Number: 2 (0x2)\n        Validity\n            Not Before: Jun  5 14:42:52 2015 GMT\n            Not After : Jul  5 14:42:52 2015 GMT\n        Subject:\n            commonName                = localhost\n        X509v3 extensions:\n            X509v3 Basic Constraints: \n                CA:FALSE\n            X509v3 Subject Key Identifier: \n                62:66:BF:24:3D:0B:84:D1:09:B3:01:42:9B:BE:BB:7A:F8:0F:24:80\n            X509v3 Authority Key Identifier: \n                keyid:2C:49:84:E8:4A:66:B7:A7:EC:14:94:D9:0E:1D:05:8C:FD:5A:00:1E\n\n            X509v3 Key Usage: \n                Digital Signature, Non Repudiation, Key Encipherment\n            X509v3 Extended Key Usage: \n                TLS Web Server Authentication\n            X509v3 Subject Alternative Name: \n                DNS:localhost, DNS:xn--n8j6ds53lwwkrqhv28a.localhost, DNS:www.localhost, DNS:xn--lve-6lad.localhost, DNS:www2.localhost, DNS:www1.localhost\nCertificate is to be certified until Jul  5 14:42:52 2015 GMT (30 days)\n\nWrite out database with 1 new entries\nData Base Updated\n"}
{"thread": "MainThread", "process": "17998", "pid": 17815, "source": "web-platform-tests", "command": "/usr/bin/openssl x509 -noout -enddate -in /tmp/tmpVTL74z/localhost.pem", "time": 1433515372956, "action": "process_output", "data": "notAfter=Jul  5 14:42:52 2015 GMT\n"}
{"source": "web-platform-tests", "thread": "MainThread", "time": 1433515372976, "action": "log", "message": "Using existing host cert", "level": "INFO", "pid": 17815}
{"thread": "MainThread", "level": "INFO", "pid": 18001, "component": "wptserve", "source": "web-platform-tests", "time": 1433515373002, "action": "log", "message": "Starting http server on localhost:8000"}
{"thread": "MainThread", "level": "INFO", "pid": 18002, "component": "wptserve", "source": "web-platform-tests", "time": 1433515373010, "action": "log", "message": "Starting http server on localhost:8001"}
{"thread": "MainThread", "level": "INFO", "pid": 18003, "component": "wptserve", "source": "web-platform-tests", "time": 1433515373013, "action": "log", "message": "Starting http server on localhost:8443"}
{"source": "web-platform-tests", "tests": ["/hr-time/basic.html", "/hr-time/idlharness.html", "/hr-time/monotonic-clock.html", "/hr-time/test_cross_frame_start.html"], "thread": "MainThread", "time": 1433515374992, "action": "suite_start", "pid": 17815, "run_info": {"product": "servo", "has_sandbox": true, "linux_distro": "Ubuntu", "bits": 64, "os_version": "14.04", "version": "Ubuntu 14.04", "debug": false, "os": "linux", "processor": "x86_64"}}
{"source": "web-platform-tests", "thread": "MainThread", "time": 1433515374993, "action": "log", "message": "Running testharness tests", "level": "INFO", "pid": 17815}
{"source": "web-platform-tests", "thread": "Thread-TestrunnerManager-1", "time": 1433515375016, "action": "log", "message": "Starting runner", "level": "INFO", "pid": 17815}
{"source": "web-platform-tests", "thread": "Thread-TestrunnerManager-2", "time": 1433515375024, "action": "log", "message": "Starting runner", "level": "INFO", "pid": 17815}
{"source": "web-platform-tests", "thread": "Thread-TestrunnerManager-3", "time": 1433515375034, "action": "log", "message": "Starting runner", "level": "INFO", "pid": 17815}
{"source": "web-platform-tests", "test": "/hr-time/basic.html", "thread": "Thread-TestrunnerManager-1", "time": 1433515375039, "action": "test_start", "pid": 17815}
{"source": "web-platform-tests", "test": "/hr-time/idlharness.html", "thread": "Thread-TestrunnerManager-2", "time": 1433515375041, "action": "test_start", "pid": 17815}
{"source": "web-platform-tests", "thread": "Thread-TestrunnerManager-4", "time": 1433515375056, "action": "log", "message": "Starting runner", "level": "INFO", "pid": 17815}
{"source": "web-platform-tests", "test": "/hr-time/monotonic-clock.html", "thread": "Thread-TestrunnerManager-3", "time": 1433515375068, "action": "test_start", "pid": 17815}
{"source": "web-platform-tests", "test": "/hr-time/test_cross_frame_start.html", "thread": "Thread-TestrunnerManager-4", "time": 1433515375103, "action": "test_start", "pid": 17815}
{"status": "PASS", "thread": "Thread-TestrunnerManager-2", "subtest": "Performance interface: operation now()", "pid": 17815, "source": "web-platform-tests", "test": "/hr-time/idlharness.html", "time": 1433515375984, "action": "test_status"}
{"status": "PASS", "thread": "Thread-TestrunnerManager-2", "subtest": "Performance must be primary interface of window.performance", "pid": 17815, "source": "web-platform-tests", "test": "/hr-time/idlharness.html", "time": 1433515375984, "action": "test_status"}
{"status": "PASS", "thread": "Thread-TestrunnerManager-2", "subtest": "Stringification of window.performance", "pid": 17815, "source": "web-platform-tests", "test": "/hr-time/idlharness.html", "time": 1433515375985, "action": "test_status"}
{"status": "PASS", "thread": "Thread-TestrunnerManager-2", "subtest": "Performance interface: window.performance must inherit property \"now\" with the proper type (0)", "pid": 17815, "source": "web-platform-tests", "test": "/hr-time/idlharness.html", "time": 1433515375985, "action": "test_status"}
{"status": "OK", "source": "web-platform-tests", "test": "/hr-time/idlharness.html", "thread": "Thread-TestrunnerManager-2", "time": 1433515375985, "action": "test_end", "pid": 17815}
{"status": "PASS", "thread": "Thread-TestrunnerManager-3", "subtest": "window.performance.now() returns a positive number", "pid": 17815, "source": "web-platform-tests", "test": "/hr-time/monotonic-clock.html", "time": 1433515375998, "action": "test_status"}
{"status": "PASS", "thread": "Thread-TestrunnerManager-3", "subtest": "window.performance.now() difference is not negative", "pid": 17815, "source": "web-platform-tests", "test": "/hr-time/monotonic-clock.html", "time": 1433515375998, "action": "test_status"}
{"status": "OK", "source": "web-platform-tests", "test": "/hr-time/monotonic-clock.html", "thread": "Thread-TestrunnerManager-3", "time": 1433515375999, "action": "test_end", "pid": 17815}
{"status": "PASS", "thread": "Thread-TestrunnerManager-4", "subtest": "parent performance.now() > 0", "pid": 17815, "source": "web-platform-tests", "test": "/hr-time/test_cross_frame_start.html", "time": 1433515376798, "action": "test_status"}
{"status": "PASS", "thread": "Thread-TestrunnerManager-4", "subtest": "child performance.now() > 0", "pid": 17815, "source": "web-platform-tests", "test": "/hr-time/test_cross_frame_start.html", "time": 1433515376799, "action": "test_status"}
{"status": "FAIL", "thread": "Thread-TestrunnerManager-4", "subtest": "Child created at least 1 second after parent", "pid": 17815, "source": "web-platform-tests", "test": "/hr-time/test_cross_frame_start.html", "time": 1433515376799, "action": "test_status", "message": "assert_true: expected true got false", "stack": "@http://localhost:8000/hr-time/test_cross_frame_start.html:22\nTest.step@http://localhost:8000/resources/testharness.js:1316\ntest@http://localhost:8000/resources/testharness.js:449\nfinish_test@http://localhost:8000/hr-time/test_cross_frame_start.html:23\n"}
{"status": "FAIL", "thread": "Thread-TestrunnerManager-4", "subtest": "Child and parent time bases are correct", "pid": 17815, "source": "web-platform-tests", "test": "/hr-time/test_cross_frame_start.html", "time": 1433515376799, "action": "test_status", "message": "assert_true: Child's now() is based on its document's navigationStart expected true got false", "stack": "@http://localhost:8000/hr-time/test_cross_frame_start.html:32\nTest.step@http://localhost:8000/resources/testharness.js:1316\ntest@http://localhost:8000/resources/testharness.js:449\nfinish_test@http://localhost:8000/hr-time/test_cross_frame_start.html:33\n"}
{"status": "OK", "source": "web-platform-tests", "test": "/hr-time/test_cross_frame_start.html", "thread": "Thread-TestrunnerManager-4", "time": 1433515376800, "action": "test_end", "pid": 17815}
{"source": "web-platform-tests", "thread": "Thread-TestrunnerManager-2", "time": 1433515376995, "action": "log", "message": "u'runner_teardown' ()", "level": "WARNING", "pid": 17815}
{"source": "web-platform-tests", "thread": "Thread-TestrunnerManager-2", "time": 1433515376996, "action": "log", "message": "No more tests", "level": "INFO", "pid": 17815}
{"source": "web-platform-tests", "thread": "Thread-TestrunnerManager-3", "time": 1433515377002, "action": "log", "message": "u'runner_teardown' ()", "level": "WARNING", "pid": 17815}
{"source": "web-platform-tests", "thread": "Thread-TestrunnerManager-3", "time": 1433515377003, "action": "log", "message": "No more tests", "level": "INFO", "pid": 17815}
{"status": "PASS", "thread": "Thread-TestrunnerManager-1", "subtest": "window.performance is defined", "pid": 17815, "source": "web-platform-tests", "test": "/hr-time/basic.html", "time": 1433515377499, "action": "test_status"}
{"status": "PASS", "thread": "Thread-TestrunnerManager-1", "subtest": "High Resolution Time extension to the Performance interface", "pid": 17815, "source": "web-platform-tests", "test": "/hr-time/basic.html", "time": 1433515377499, "action": "test_status"}
{"status": "PASS", "thread": "Thread-TestrunnerManager-1", "subtest": "window.performance.now() function", "pid": 17815, "source": "web-platform-tests", "test": "/hr-time/basic.html", "time": 1433515377499, "action": "test_status"}
{"status": "PASS", "thread": "Thread-TestrunnerManager-1", "subtest": "window.performance.now() returns a number", "pid": 17815, "source": "web-platform-tests", "test": "/hr-time/basic.html", "time": 1433515377500, "action": "test_status"}
{"status": "PASS", "thread": "Thread-TestrunnerManager-1", "subtest": "High resolution time has approximately the right relative magnitude", "pid": 17815, "source": "web-platform-tests", "test": "/hr-time/basic.html", "time": 1433515377500, "action": "test_status"}
{"status": "OK", "source": "web-platform-tests", "test": "/hr-time/basic.html", "thread": "Thread-TestrunnerManager-1", "time": 1433515377500, "action": "test_end", "pid": 17815}
{"source": "web-platform-tests", "thread": "Thread-TestrunnerManager-4", "time": 1433515377804, "action": "log", "message": "u'runner_teardown' ()", "level": "WARNING", "pid": 17815}
{"source": "web-platform-tests", "thread": "Thread-TestrunnerManager-4", "time": 1433515377804, "action": "log", "message": "No more tests", "level": "INFO", "pid": 17815}
{"source": "web-platform-tests", "thread": "Thread-TestrunnerManager-1", "time": 1433515378505, "action": "log", "message": "u'runner_teardown' ()", "level": "WARNING", "pid": 17815}
{"source": "web-platform-tests", "thread": "Thread-TestrunnerManager-1", "time": 1433515378505, "action": "log", "message": "No more tests", "level": "INFO", "pid": 17815}
{"source": "web-platform-tests", "thread": "MainThread", "time": 1433515378506, "action": "log", "message": "Running reftest tests", "level": "INFO", "pid": 17815}
{"source": "web-platform-tests", "thread": "MainThread", "time": 1433515378523, "action": "log", "message": "No reftest tests to run", "level": "INFO", "pid": 17815}
{"source": "web-platform-tests", "thread": "MainThread", "time": 1433515378523, "action": "log", "message": "Got 0 unexpected results", "level": "INFO", "pid": 17815}
{"action": "suite_end", "source": "web-platform-tests", "pid": 17815, "thread": "MainThread", "time": 1433515378523}
{"source": "web-platform-tests", "thread": "MainThread", "time": 1433515378538, "action": "log", "message": "Closing logging queue", "level": "INFO", "pid": 17815}
{"source": "web-platform-tests", "thread": "MainThread", "time": 1433515378540, "action": "log", "message": "queue closed", "level": "INFO", "pid": 17815}
