Running 43 tests in web-platform-tests

  /navigation-timing/nav2_test_attributes_exist.html
  ▶ Unexpected subtest result in /navigation-timing/nav2_idlharness.html:
  └ PASS [expected FAIL] PerformanceNavigationTiming interface: existence and properties of interface object

  ▶ Unexpected subtest result in /navigation-timing/nav2_idlharness.html:
  └ PASS [expected FAIL] PerformanceNavigationTiming interface object length

  ▶ Unexpected subtest result in /navigation-timing/nav2_idlharness.html:
  └ PASS [expected FAIL] PerformanceNavigationTiming interface object name

  ▶ Unexpected subtest result in /navigation-timing/nav2_idlharness.html:
  └ PASS [expected FAIL] PerformanceNavigationTiming interface: existence and properties of interface prototype object

  ▶ Unexpected subtest result in /navigation-timing/nav2_idlharness.html:
  └ PASS [expected FAIL] PerformanceNavigationTiming interface: existence and properties of interface prototype object's "constructor" property

  ▶ Unexpected subtest result in /navigation-timing/nav2_idlharness.html:
  └ PASS [expected FAIL] PerformanceNavigationTiming interface: existence and properties of interface prototype object's @@unscopables property

  ▶ Unexpected subtest result in /navigation-timing/nav2_idlharness.html:
  └ PASS [expected FAIL] PerformanceNavigationTiming interface: attribute unloadEventStart

  ▶ Unexpected subtest result in /navigation-timing/nav2_idlharness.html:
  └ PASS [expected FAIL] PerformanceNavigationTiming interface: attribute unloadEventEnd

  ▶ Unexpected subtest result in /navigation-timing/nav2_idlharness.html:
  └ PASS [expected FAIL] PerformanceNavigationTiming interface: attribute domInteractive

  ▶ Unexpected subtest result in /navigation-timing/nav2_idlharness.html:
  └ PASS [expected FAIL] PerformanceNavigationTiming interface: attribute domContentLoadedEventStart

  ▶ Unexpected subtest result in /navigation-timing/nav2_idlharness.html:
  └ PASS [expected FAIL] PerformanceNavigationTiming interface: attribute domContentLoadedEventEnd

  ▶ Unexpected subtest result in /navigation-timing/nav2_idlharness.html:
  └ PASS [expected FAIL] PerformanceNavigationTiming interface: attribute domComplete

  ▶ Unexpected subtest result in /navigation-timing/nav2_idlharness.html:
  └ PASS [expected FAIL] PerformanceNavigationTiming interface: attribute loadEventStart

  ▶ Unexpected subtest result in /navigation-timing/nav2_idlharness.html:
  └ PASS [expected FAIL] PerformanceNavigationTiming interface: attribute loadEventEnd

  ▶ Unexpected subtest result in /navigation-timing/nav2_idlharness.html:
  └ PASS [expected FAIL] PerformanceNavigationTiming interface: attribute type

  ▶ Unexpected subtest result in /navigation-timing/idlharness.html:
  └ PASS [expected FAIL] PerformanceNavigationTiming interface: existence and properties of interface object

  ▶ Unexpected subtest result in /navigation-timing/idlharness.html:
  └ PASS [expected FAIL] PerformanceNavigationTiming interface object length

  ▶ Unexpected subtest result in /navigation-timing/idlharness.html:
  └ PASS [expected FAIL] PerformanceNavigationTiming interface object name

  ▶ Unexpected subtest result in /navigation-timing/idlharness.html:
  └ PASS [expected FAIL] PerformanceNavigationTiming interface: existence and properties of interface prototype object

  ▶ Unexpected subtest result in /navigation-timing/idlharness.html:
  └ PASS [expected FAIL] PerformanceNavigationTiming interface: existence and properties of interface prototype object's "constructor" property

  ▶ Unexpected subtest result in /navigation-timing/idlharness.html:
  └ PASS [expected FAIL] PerformanceNavigationTiming interface: existence and properties of interface prototype object's @@unscopables property

  ▶ Unexpected subtest result in /navigation-timing/idlharness.html:
  └ PASS [expected FAIL] PerformanceNavigationTiming interface: attribute unloadEventStart

  ▶ Unexpected subtest result in /navigation-timing/idlharness.html:
  └ PASS [expected FAIL] PerformanceNavigationTiming interface: attribute unloadEventEnd

  ▶ Unexpected subtest result in /navigation-timing/idlharness.html:
  └ PASS [expected FAIL] PerformanceNavigationTiming interface: attribute domInteractive

  ▶ Unexpected subtest result in /navigation-timing/idlharness.html:
  └ PASS [expected FAIL] PerformanceNavigationTiming interface: attribute domContentLoadedEventStart

  ▶ Unexpected subtest result in /navigation-timing/idlharness.html:
  └ PASS [expected FAIL] PerformanceNavigationTiming interface: attribute domContentLoadedEventEnd

  ▶ Unexpected subtest result in /navigation-timing/idlharness.html:
  └ PASS [expected FAIL] PerformanceNavigationTiming interface: attribute domComplete

  ▶ Unexpected subtest result in /navigation-timing/idlharness.html:
  └ PASS [expected FAIL] PerformanceNavigationTiming interface: attribute loadEventStart

  ▶ Unexpected subtest result in /navigation-timing/idlharness.html:
  └ PASS [expected FAIL] PerformanceNavigationTiming interface: attribute loadEventEnd

  ▶ Unexpected subtest result in /navigation-timing/idlharness.html:
  └ PASS [expected FAIL] PerformanceNavigationTiming interface: attribute type

  ▶ Unexpected subtest result in /navigation-timing/idlharness.html:
  │ FAIL [expected PASS] Performance interface: window.performance must inherit property "timing" with the proper type
  │   → assert_inherits: property "timing" not found in prototype chain
  │ 
  │ IdlInterface.prototype.test_interface_of/<@http://web-platform.test:8000/resources/idlharness.js:2496:25
  │ Test.prototype.step@http://web-platform.test:8000/resources/testharness.js:1490:20
  │ test@http://web-platform.test:8000/resources/testharness.js:500:9
  │ IdlInterface.prototype.test_interface_of@http://web-platform.test:8000/resources/idlharness.js:2490:13
  │ IdlInterface.prototype.test_object@http://web-platform.test:8000/resources/idlharness.js:2367:9
  │ IdlArray.prototype.test/<@http://web-platform.test:8000/resources/idlharness.js:721:17
  │ IdlArray.prototype.test@http://web-platform.test:8000/resources/idlharness.js:719:13
  │ @http://web-platform.test:8000/navigation-timing/idlharness.html:143:3
  └ @http://web-platform.test:8000/navigation-timing/idlharness.html:132:2

  ▶ Unexpected subtest result in /navigation-timing/idlharness.html:
  │ FAIL [expected PASS] Performance interface: attribute timing
  │   → assert_true: The prototype object must have a property "timing" expected true got false
  │ 
  │ IdlInterface.prototype.test_member_attribute/<@http://web-platform.test:8000/resources/idlharness.js:1915:13
  │ Test.prototype.step@http://web-platform.test:8000/resources/testharness.js:1490:20
  │ IdlInterface.prototype.test_member_attribute@http://web-platform.test:8000/resources/idlharness.js:1866:5
  │ IdlInterface.prototype.test_members@http://web-platform.test:8000/resources/idlharness.js:2303:17
  │ IdlInterface.prototype.test@http://web-platform.test:8000/resources/idlharness.js:1248:5
  │ IdlArray.prototype.test@http://web-platform.test:8000/resources/idlharness.js:716:9
  │ @http://web-platform.test:8000/navigation-timing/idlharness.html:143:3
  └ @http://web-platform.test:8000/navigation-timing/idlharness.html:132:2

  /navigation-timing/nav2_test_attributes_values.html
  /navigation-timing/nav2_test_redirect_xserver.html
  /navigation-timing/nav2_test_instance_accessible_from_the_start.html
  /navigation-timing/nav2_test_navigate_within_document.html
  /navigation-timing/nav2_test_document_open.html
  /navigation-timing/nav2_test_instance_accessors.html
  /navigation-timing/nav2_test_redirect_none.html
  /navigation-timing/nav2_test_redirect_server.html
  /navigation-timing/nav2_test_unloadEvents_with_previous_document.html
  /navigation-timing/nav2_test_unique_nav_instances.html
  /navigation-timing/nav2_test_unloadEvents_no_previous_document.html
  /navigation-timing/po-navigation.html
  /navigation-timing/test_navigation_attributes_exist.html
  ▶ ERROR [expected OK] /navigation-timing/test_document_open.html
  └   → timing is undefined

  ▶ ERROR [expected OK] /navigation-timing/test_navigate_within_document.html
  └   → timing is undefined

  ▶ Unexpected subtest result in /navigation-timing/test_navigate_within_document.html:
  │ FAIL [expected PASS] window.performance.timing is defined
  │   → assert_true: window.performance.timing is defined expected true got false
  │ 
  │ test_namespace/<@http://web-platform.test:8000/navigation-timing/resources/webperftestharness.js:47:30
  │ Test.prototype.step@http://web-platform.test:8000/resources/testharness.js:1490:20
  │ test@http://web-platform.test:8000/resources/testharness.js:500:9
  │ wp_test@http://web-platform.test:8000/common/performance-timeline-utils.js:17:3
  │ test_namespace@http://web-platform.test:8000/navigation-timing/resources/webperftestharness.js:47:9
  └ @http://web-platform.test:8000/navigation-timing/test_navigate_within_document.html:22:13

  /navigation-timing/nav2_test_unloadEvents_with_cross_origin_redirects.html
  /navigation-timing/test_document_readiness_exist.html
  /navigation-timing/test_navigation_type_reload.html
  /navigation-timing/test_navigation_redirectCount_none.html
  /navigation-timing/test_navigation_type_backforward.html
  ▶ Unexpected subtest result in /navigation-timing/test_performance_attributes_exist.html:
  │ FAIL [expected PASS] window.performance.timing is defined
  │   → assert_true: window.performance.timing is defined expected true got false
  │ 
  │ test_namespace/<@http://web-platform.test:8000/navigation-timing/resources/webperftestharness.js:47:30
  │ Test.prototype.step@http://web-platform.test:8000/resources/testharness.js:1490:20
  │ test@http://web-platform.test:8000/resources/testharness.js:500:9
  │ wp_test@http://web-platform.test:8000/common/performance-timeline-utils.js:17:3
  │ test_namespace@http://web-platform.test:8000/navigation-timing/resources/webperftestharness.js:47:9
  └ @http://web-platform.test:8000/navigation-timing/test_performance_attributes_exist.html:20:13

  /navigation-timing/test_no_previous_document.html
  /navigation-timing/test_navigation_type_enums.html
  ▶ Unexpected subtest result in /navigation-timing/test_timing_attributes_exist.html:
  │ FAIL [expected PASS] window.performance.timing is defined
  │   → assert_true: window.performance.timing is defined expected true got false
  │ 
  │ test_namespace/<@http://web-platform.test:8000/navigation-timing/resources/webperftestharness.js:47:30
  │ Test.prototype.step@http://web-platform.test:8000/resources/testharness.js:1490:20
  │ test@http://web-platform.test:8000/resources/testharness.js:500:9
  │ wp_test@http://web-platform.test:8000/common/performance-timeline-utils.js:17:3
  │ test_namespace@http://web-platform.test:8000/navigation-timing/resources/webperftestharness.js:47:9
  └ @http://web-platform.test:8000/navigation-timing/test_timing_attributes_exist.html:20:9

  ▶ Unexpected subtest result in /navigation-timing/test_timing_attributes_exist.html:
  │ FAIL [expected PASS] window.performance.timing.domComplete is defined.
  │   → performanceNamespace[parent_name] is undefined
  │ FAIL [expected PASS] window.performance.timing.domContentLoadedEventEnd is defined.
  │   → performanceNamespace[parent_name] is undefined
  │ FAIL [expected PASS] window.performance.timing.domContentLoadedEventStart is defined.
  │   → performanceNamespace[parent_name] is undefined
  │ FAIL [expected PASS] window.performance.timing.domInteractive is defined.
  │   → performanceNamespace[parent_name] is undefined
  │ FAIL [expected PASS] window.performance.timing.domLoading is defined.
  │   → performanceNamespace[parent_name] is undefined
  │ FAIL [expected PASS] window.performance.timing.loadEventEnd is defined.
  │   → performanceNamespace[parent_name] is undefined
  │ FAIL [expected PASS] window.performance.timing.loadEventStart is defined.
  │   → performanceNamespace[parent_name] is undefined
  │ FAIL [expected PASS] window.performance.timing.navigationStart is defined.
  │   → performanceNamespace[parent_name] is undefined
  │ 
  │ test_attribute_exists/<@http://web-platform.test:8000/navigation-timing/resources/webperftestharness.js:54:26
  │ Test.prototype.step@http://web-platform.test:8000/resources/testharness.js:1490:20
  │ test@http://web-platform.test:8000/resources/testharness.js:500:9
  │ wp_test@http://web-platform.test:8000/common/performance-timeline-utils.js:17:3
  │ test_attribute_exists@http://web-platform.test:8000/navigation-timing/resources/webperftestharness.js:54:5
  └ @http://web-platform.test:8000/navigation-timing/test_timing_attributes_exist.html:24:13

  /navigation-timing/test_timing_xserver_redirect.html
  /navigation-timing/test_timing_reload.html
  /navigation-timing/nav2_test_document_replaced.html
  /navigation-timing/nav2_test_frame_removed.html
  /navigation-timing/nav2_test_navigation_type_backforward.html
  /navigation-timing/nav2_test_navigation_type_navigate.html
  /navigation-timing/nav2_test_navigation_type_reload.html
  /navigation-timing/nav2_test_redirect_xserver_opt_in.html
  /navigation-timing/nav2_test_unloadEvents_previous_document_cross_origin.sub.html
  ▶ Unexpected subtest result in /navigation-timing/test_timing_client_redirect.html:
  │ FAIL [expected PASS] window.performance.timing is defined
  │   → assert_true: window.performance.timing is defined expected true got false
  │ 
  │ test_namespace/<@http://web-platform.test:8000/navigation-timing/resources/webperftestharness.js:47:30
  │ Test.prototype.step@http://web-platform.test:8000/resources/testharness.js:1490:20
  │ test@http://web-platform.test:8000/resources/testharness.js:500:9
  │ wp_test@http://web-platform.test:8000/common/performance-timeline-utils.js:17:3
  │ test_namespace@http://web-platform.test:8000/navigation-timing/resources/webperftestharness.js:47:9
  └ @http://web-platform.test:8000/navigation-timing/test_timing_client_redirect.html:16:13

  /navigation-timing/test_timing_server_redirect.html
  ▶ Unexpected subtest result in /navigation-timing/test_unique_performance_objects.html:
  │ FAIL [expected PASS] window.performance.timing is defined
  │   → assert_true: window.performance.timing is defined expected true got false
  │ 
  │ test_namespace/<@http://web-platform.test:8000/navigation-timing/resources/webperftestharness.js:47:30
  │ Test.prototype.step@http://web-platform.test:8000/resources/testharness.js:1490:20
  │ test@http://web-platform.test:8000/resources/testharness.js:500:9
  │ wp_test@http://web-platform.test:8000/common/performance-timeline-utils.js:17:3
  │ test_namespace@http://web-platform.test:8000/navigation-timing/resources/webperftestharness.js:47:9
  └ @http://web-platform.test:8000/navigation-timing/test_unique_performance_objects.html:20:13

  ▶ Unexpected subtest result in /navigation-timing/test_unique_performance_objects.html:
  │ FAIL [expected PASS] Different window objects have unique performance objects
  │   → assert_true: Different window objects have unique performance objects expected true got false
  │ 
  │ test_not_equals/<@http://web-platform.test:8000/navigation-timing/resources/webperftestharness.js:122:26
  │ Test.prototype.step@http://web-platform.test:8000/resources/testharness.js:1490:20
  │ test@http://web-platform.test:8000/resources/testharness.js:500:9
  │ wp_test@http://web-platform.test:8000/common/performance-timeline-utils.js:17:3
  │ test_not_equals@http://web-platform.test:8000/navigation-timing/resources/webperftestharness.js:122:5
  └ @http://web-platform.test:8000/navigation-timing/test_unique_performance_objects.html:24:17

  ▶ TIMEOUT [expected OK] /navigation-timing/test_performance_attributes.sub.html
  │ 
  │ VMware, Inc.
  │ softpipe
  │ 3.3 (Core Profile) Mesa 17.3.0-devel
  │ processing fetch msg at: 55936554354296
  │ spawning fetch thread for http://web-platform.test:8000/navigation-timing/test_performance_attributes.sub.html
  │ start time: 55936554586698
  │ querying cache at 55936555027514
  │ request start is 55936555125418
  │ connect start: 55936555168856
  │ connect end at 55936555923833
  │ response start is 55936556090237
  │ response end is 55936558153389
  │ zero redirects? 0
  │ done at 55936560171810
  │ 
  │ processing fetch msg at: 55936568728349
  │ spawning fetch thread for http://web-platform.test:8000/resources/testharness.js
  │ start time: 55936568879949
  │ querying cache at 55936569189004
  │ request start is 55936569314483
  │ response start is 55936569528362
  │ response end is 55936571178911
  │ zero redirects? 0
  │ done at 55936596795018
  │ 
  │ processing fetch msg at: 55936633438276
  │ spawning fetch thread for http://web-platform.test:8000/resources/testharnessreport.js
  │ start time: 55936633628329
  │ querying cache at 55936633894381
  │ request start is 55936633987841
  │ connect start: 55936633999521
  │ connect end at 55936634174817
  │ response start is 55936634345461
  │ response end is 55936635741031
  │ zero redirects? 0
  │ done at 55936638045655
  │ 
  │ fetch async requesting resource: file:///Users/ddh/mozilla/servo/servo-1/resources/ahem/AHEM____.TTF
  │ processing fetch msg at: 55936677954737
  │ spawning fetch thread for file:///Users/ddh/mozilla/servo/servo-1/resources/ahem/AHEM____.TTF
  │ start time: 55936678193879
  │ zero redirects? 0
  │ done at 55936682657195
  │ 
  │ ERROR 2018-05-01T09:04:23Z: webrender::display_list_flattener: Unknown pipeline used for iframe IframeDisplayItem { clip_id: Clip(2, PipelineId(0, 1)), pipeline_id: PipelineId(1, 2) }
  │ processing fetch msg at: 55936704178322
  │ spawning fetch thread for https://web-platform.test:8443/navigation-timing/resources/performance_attribute_sender.html
  │ start time: 55936704608894
  │ querying cache at 55936704895422
  │ request start is 55936705005421
  │ connect start: 55936705028423
  │ secure connect start 55936705261719
  │ ERROR 2018-05-01T09:04:23Z: webrender::display_list_flattener: Unknown pipeline used for iframe IframeDisplayItem { clip_id: Clip(2, PipelineId(0, 1)), pipeline_id: PipelineId(1, 2) }
  │ connect end at 55936711615693
  │ response start is 55936711772633
  │ ERROR 2018-05-01T09:04:23Z: webrender::display_list_flattener: Unknown pipeline used for iframe IframeDisplayItem { clip_id: Clip(2, PipelineId(0, 1)), pipeline_id: PipelineId(1, 2) }
  │ fetch async requesting resource: file:///Users/ddh/mozilla/servo/servo-1/resources/ahem/AHEM____.TTF
  │ processing fetch msg at: 55936714587929
  │ spawning fetch thread for file:///Users/ddh/mozilla/servo/servo-1/resources/ahem/AHEM____.TTF
  │ start time: 55936717380182
  │ response end is 55936718834808
  │ zero redirects? 0
  │ done at 55936722591289
  │ 
  │ zero redirects? 0
  │ done at 55936723129112
  │ 
  │ ERROR 2018-05-01T09:04:23Z: script::dom::bindings::error: Error at https://web-platform.test:8443/navigation-timing/resources/performance_attribute_sender.html:6:3 performance.timing is undefined
  │ fetch async requesting resource: file:///Users/ddh/mozilla/servo/servo-1/resources/ahem/AHEM____.TTF
  │ processing fetch msg at: 55936741643227
  │ spawning fetch thread for file:///Users/ddh/mozilla/servo/servo-1/resources/ahem/AHEM____.TTF
  │ start time: 55936741793603
  │ zero redirects? 0
  │ done at 55936746191072
  └ 

  ▶ Unexpected subtest result in /navigation-timing/test_performance_attributes.sub.html:
  │ TIMEOUT [expected FAIL] Check that performance.timing has reasonable values for secureConnectionStart and other attributes
  └   → Test timed out

  /navigation-timing/test_performance_attributes_exist_in_object.html
  /navigation-timing/test_readwrite.html
  ▶ Unexpected subtest result in /navigation-timing/test_timing_attributes_order.html:
  │ FAIL [expected PASS] window.performance.timing is defined
  │   → assert_true: window.performance.timing is defined expected true got false
  │ 
  │ test_namespace/<@http://web-platform.test:8000/navigation-timing/resources/webperftestharness.js:47:30
  │ Test.prototype.step@http://web-platform.test:8000/resources/testharness.js:1490:20
  │ test@http://web-platform.test:8000/resources/testharness.js:500:9
  │ wp_test@http://web-platform.test:8000/common/performance-timeline-utils.js:17:3
  │ test_namespace@http://web-platform.test:8000/navigation-timing/resources/webperftestharness.js:47:9
  └ @http://web-platform.test:8000/navigation-timing/test_timing_attributes_order.html:15:13


Ran 43 tests finished in 40.0 seconds.
  • 33 ran as expected. 0 tests skipped.
  • 2 tests had errors unexpectedly
  • 1 tests timed out unexpectedly
  • 9 tests had unexpected subtest results

Tests with unexpected results:
  ▶ Unexpected subtest result in /navigation-timing/nav2_idlharness.html:
  └ PASS [expected FAIL] PerformanceNavigationTiming interface: existence and properties of interface object

  ▶ Unexpected subtest result in /navigation-timing/nav2_idlharness.html:
  └ PASS [expected FAIL] PerformanceNavigationTiming interface object length

  ▶ Unexpected subtest result in /navigation-timing/nav2_idlharness.html:
  └ PASS [expected FAIL] PerformanceNavigationTiming interface object name

  ▶ Unexpected subtest result in /navigation-timing/nav2_idlharness.html:
  └ PASS [expected FAIL] PerformanceNavigationTiming interface: existence and properties of interface prototype object

  ▶ Unexpected subtest result in /navigation-timing/nav2_idlharness.html:
  └ PASS [expected FAIL] PerformanceNavigationTiming interface: existence and properties of interface prototype object's "constructor" property

  ▶ Unexpected subtest result in /navigation-timing/nav2_idlharness.html:
  └ PASS [expected FAIL] PerformanceNavigationTiming interface: existence and properties of interface prototype object's @@unscopables property

  ▶ Unexpected subtest result in /navigation-timing/nav2_idlharness.html:
  └ PASS [expected FAIL] PerformanceNavigationTiming interface: attribute unloadEventStart

  ▶ Unexpected subtest result in /navigation-timing/nav2_idlharness.html:
  └ PASS [expected FAIL] PerformanceNavigationTiming interface: attribute unloadEventEnd

  ▶ Unexpected subtest result in /navigation-timing/nav2_idlharness.html:
  └ PASS [expected FAIL] PerformanceNavigationTiming interface: attribute domInteractive

  ▶ Unexpected subtest result in /navigation-timing/nav2_idlharness.html:
  └ PASS [expected FAIL] PerformanceNavigationTiming interface: attribute domContentLoadedEventStart

  ▶ Unexpected subtest result in /navigation-timing/nav2_idlharness.html:
  └ PASS [expected FAIL] PerformanceNavigationTiming interface: attribute domContentLoadedEventEnd

  ▶ Unexpected subtest result in /navigation-timing/nav2_idlharness.html:
  └ PASS [expected FAIL] PerformanceNavigationTiming interface: attribute domComplete

  ▶ Unexpected subtest result in /navigation-timing/nav2_idlharness.html:
  └ PASS [expected FAIL] PerformanceNavigationTiming interface: attribute loadEventStart

  ▶ Unexpected subtest result in /navigation-timing/nav2_idlharness.html:
  └ PASS [expected FAIL] PerformanceNavigationTiming interface: attribute loadEventEnd

  ▶ Unexpected subtest result in /navigation-timing/nav2_idlharness.html:
  └ PASS [expected FAIL] PerformanceNavigationTiming interface: attribute type

  ▶ Unexpected subtest result in /navigation-timing/idlharness.html:
  └ PASS [expected FAIL] PerformanceNavigationTiming interface: existence and properties of interface object

  ▶ Unexpected subtest result in /navigation-timing/idlharness.html:
  └ PASS [expected FAIL] PerformanceNavigationTiming interface object length

  ▶ Unexpected subtest result in /navigation-timing/idlharness.html:
  └ PASS [expected FAIL] PerformanceNavigationTiming interface object name

  ▶ Unexpected subtest result in /navigation-timing/idlharness.html:
  └ PASS [expected FAIL] PerformanceNavigationTiming interface: existence and properties of interface prototype object

  ▶ Unexpected subtest result in /navigation-timing/idlharness.html:
  └ PASS [expected FAIL] PerformanceNavigationTiming interface: existence and properties of interface prototype object's "constructor" property

  ▶ Unexpected subtest result in /navigation-timing/idlharness.html:
  └ PASS [expected FAIL] PerformanceNavigationTiming interface: existence and properties of interface prototype object's @@unscopables property

  ▶ Unexpected subtest result in /navigation-timing/idlharness.html:
  └ PASS [expected FAIL] PerformanceNavigationTiming interface: attribute unloadEventStart

  ▶ Unexpected subtest result in /navigation-timing/idlharness.html:
  └ PASS [expected FAIL] PerformanceNavigationTiming interface: attribute unloadEventEnd

  ▶ Unexpected subtest result in /navigation-timing/idlharness.html:
  └ PASS [expected FAIL] PerformanceNavigationTiming interface: attribute domInteractive

  ▶ Unexpected subtest result in /navigation-timing/idlharness.html:
  └ PASS [expected FAIL] PerformanceNavigationTiming interface: attribute domContentLoadedEventStart

  ▶ Unexpected subtest result in /navigation-timing/idlharness.html:
  └ PASS [expected FAIL] PerformanceNavigationTiming interface: attribute domContentLoadedEventEnd

  ▶ Unexpected subtest result in /navigation-timing/idlharness.html:
  └ PASS [expected FAIL] PerformanceNavigationTiming interface: attribute domComplete

  ▶ Unexpected subtest result in /navigation-timing/idlharness.html:
  └ PASS [expected FAIL] PerformanceNavigationTiming interface: attribute loadEventStart

  ▶ Unexpected subtest result in /navigation-timing/idlharness.html:
  └ PASS [expected FAIL] PerformanceNavigationTiming interface: attribute loadEventEnd

  ▶ Unexpected subtest result in /navigation-timing/idlharness.html:
  └ PASS [expected FAIL] PerformanceNavigationTiming interface: attribute type

  ▶ Unexpected subtest result in /navigation-timing/idlharness.html:
  │ FAIL [expected PASS] Performance interface: window.performance must inherit property "timing" with the proper type
  │   → assert_inherits: property "timing" not found in prototype chain
  │ 
  │ IdlInterface.prototype.test_interface_of/<@http://web-platform.test:8000/resources/idlharness.js:2496:25
  │ Test.prototype.step@http://web-platform.test:8000/resources/testharness.js:1490:20
  │ test@http://web-platform.test:8000/resources/testharness.js:500:9
  │ IdlInterface.prototype.test_interface_of@http://web-platform.test:8000/resources/idlharness.js:2490:13
  │ IdlInterface.prototype.test_object@http://web-platform.test:8000/resources/idlharness.js:2367:9
  │ IdlArray.prototype.test/<@http://web-platform.test:8000/resources/idlharness.js:721:17
  │ IdlArray.prototype.test@http://web-platform.test:8000/resources/idlharness.js:719:13
  │ @http://web-platform.test:8000/navigation-timing/idlharness.html:143:3
  └ @http://web-platform.test:8000/navigation-timing/idlharness.html:132:2

  ▶ Unexpected subtest result in /navigation-timing/idlharness.html:
  │ FAIL [expected PASS] Performance interface: attribute timing
  │   → assert_true: The prototype object must have a property "timing" expected true got false
  │ 
  │ IdlInterface.prototype.test_member_attribute/<@http://web-platform.test:8000/resources/idlharness.js:1915:13
  │ Test.prototype.step@http://web-platform.test:8000/resources/testharness.js:1490:20
  │ IdlInterface.prototype.test_member_attribute@http://web-platform.test:8000/resources/idlharness.js:1866:5
  │ IdlInterface.prototype.test_members@http://web-platform.test:8000/resources/idlharness.js:2303:17
  │ IdlInterface.prototype.test@http://web-platform.test:8000/resources/idlharness.js:1248:5
  │ IdlArray.prototype.test@http://web-platform.test:8000/resources/idlharness.js:716:9
  │ @http://web-platform.test:8000/navigation-timing/idlharness.html:143:3
  └ @http://web-platform.test:8000/navigation-timing/idlharness.html:132:2

  ▶ ERROR [expected OK] /navigation-timing/test_document_open.html
  └   → timing is undefined

  ▶ ERROR [expected OK] /navigation-timing/test_navigate_within_document.html
  └   → timing is undefined

  ▶ Unexpected subtest result in /navigation-timing/test_navigate_within_document.html:
  │ FAIL [expected PASS] window.performance.timing is defined
  │   → assert_true: window.performance.timing is defined expected true got false
  │ 
  │ test_namespace/<@http://web-platform.test:8000/navigation-timing/resources/webperftestharness.js:47:30
  │ Test.prototype.step@http://web-platform.test:8000/resources/testharness.js:1490:20
  │ test@http://web-platform.test:8000/resources/testharness.js:500:9
  │ wp_test@http://web-platform.test:8000/common/performance-timeline-utils.js:17:3
  │ test_namespace@http://web-platform.test:8000/navigation-timing/resources/webperftestharness.js:47:9
  └ @http://web-platform.test:8000/navigation-timing/test_navigate_within_document.html:22:13

  ▶ Unexpected subtest result in /navigation-timing/test_performance_attributes_exist.html:
  │ FAIL [expected PASS] window.performance.timing is defined
  │   → assert_true: window.performance.timing is defined expected true got false
  │ 
  │ test_namespace/<@http://web-platform.test:8000/navigation-timing/resources/webperftestharness.js:47:30
  │ Test.prototype.step@http://web-platform.test:8000/resources/testharness.js:1490:20
  │ test@http://web-platform.test:8000/resources/testharness.js:500:9
  │ wp_test@http://web-platform.test:8000/common/performance-timeline-utils.js:17:3
  │ test_namespace@http://web-platform.test:8000/navigation-timing/resources/webperftestharness.js:47:9
  └ @http://web-platform.test:8000/navigation-timing/test_performance_attributes_exist.html:20:13

  ▶ Unexpected subtest result in /navigation-timing/test_timing_attributes_exist.html:
  │ FAIL [expected PASS] window.performance.timing is defined
  │   → assert_true: window.performance.timing is defined expected true got false
  │ 
  │ test_namespace/<@http://web-platform.test:8000/navigation-timing/resources/webperftestharness.js:47:30
  │ Test.prototype.step@http://web-platform.test:8000/resources/testharness.js:1490:20
  │ test@http://web-platform.test:8000/resources/testharness.js:500:9
  │ wp_test@http://web-platform.test:8000/common/performance-timeline-utils.js:17:3
  │ test_namespace@http://web-platform.test:8000/navigation-timing/resources/webperftestharness.js:47:9
  └ @http://web-platform.test:8000/navigation-timing/test_timing_attributes_exist.html:20:9

  ▶ Unexpected subtest result in /navigation-timing/test_timing_attributes_exist.html:
  │ FAIL [expected PASS] window.performance.timing.domComplete is defined.
  │   → performanceNamespace[parent_name] is undefined
  │ FAIL [expected PASS] window.performance.timing.domContentLoadedEventEnd is defined.
  │   → performanceNamespace[parent_name] is undefined
  │ FAIL [expected PASS] window.performance.timing.domContentLoadedEventStart is defined.
  │   → performanceNamespace[parent_name] is undefined
  │ FAIL [expected PASS] window.performance.timing.domInteractive is defined.
  │   → performanceNamespace[parent_name] is undefined
  │ FAIL [expected PASS] window.performance.timing.domLoading is defined.
  │   → performanceNamespace[parent_name] is undefined
  │ FAIL [expected PASS] window.performance.timing.loadEventEnd is defined.
  │   → performanceNamespace[parent_name] is undefined
  │ FAIL [expected PASS] window.performance.timing.loadEventStart is defined.
  │   → performanceNamespace[parent_name] is undefined
  │ FAIL [expected PASS] window.performance.timing.navigationStart is defined.
  │   → performanceNamespace[parent_name] is undefined
  │ 
  │ test_attribute_exists/<@http://web-platform.test:8000/navigation-timing/resources/webperftestharness.js:54:26
  │ Test.prototype.step@http://web-platform.test:8000/resources/testharness.js:1490:20
  │ test@http://web-platform.test:8000/resources/testharness.js:500:9
  │ wp_test@http://web-platform.test:8000/common/performance-timeline-utils.js:17:3
  │ test_attribute_exists@http://web-platform.test:8000/navigation-timing/resources/webperftestharness.js:54:5
  └ @http://web-platform.test:8000/navigation-timing/test_timing_attributes_exist.html:24:13

  ▶ Unexpected subtest result in /navigation-timing/test_timing_client_redirect.html:
  │ FAIL [expected PASS] window.performance.timing is defined
  │   → assert_true: window.performance.timing is defined expected true got false
  │ 
  │ test_namespace/<@http://web-platform.test:8000/navigation-timing/resources/webperftestharness.js:47:30
  │ Test.prototype.step@http://web-platform.test:8000/resources/testharness.js:1490:20
  │ test@http://web-platform.test:8000/resources/testharness.js:500:9
  │ wp_test@http://web-platform.test:8000/common/performance-timeline-utils.js:17:3
  │ test_namespace@http://web-platform.test:8000/navigation-timing/resources/webperftestharness.js:47:9
  └ @http://web-platform.test:8000/navigation-timing/test_timing_client_redirect.html:16:13

  ▶ Unexpected subtest result in /navigation-timing/test_unique_performance_objects.html:
  │ FAIL [expected PASS] window.performance.timing is defined
  │   → assert_true: window.performance.timing is defined expected true got false
  │ 
  │ test_namespace/<@http://web-platform.test:8000/navigation-timing/resources/webperftestharness.js:47:30
  │ Test.prototype.step@http://web-platform.test:8000/resources/testharness.js:1490:20
  │ test@http://web-platform.test:8000/resources/testharness.js:500:9
  │ wp_test@http://web-platform.test:8000/common/performance-timeline-utils.js:17:3
  │ test_namespace@http://web-platform.test:8000/navigation-timing/resources/webperftestharness.js:47:9
  └ @http://web-platform.test:8000/navigation-timing/test_unique_performance_objects.html:20:13

  ▶ Unexpected subtest result in /navigation-timing/test_unique_performance_objects.html:
  │ FAIL [expected PASS] Different window objects have unique performance objects
  │   → assert_true: Different window objects have unique performance objects expected true got false
  │ 
  │ test_not_equals/<@http://web-platform.test:8000/navigation-timing/resources/webperftestharness.js:122:26
  │ Test.prototype.step@http://web-platform.test:8000/resources/testharness.js:1490:20
  │ test@http://web-platform.test:8000/resources/testharness.js:500:9
  │ wp_test@http://web-platform.test:8000/common/performance-timeline-utils.js:17:3
  │ test_not_equals@http://web-platform.test:8000/navigation-timing/resources/webperftestharness.js:122:5
  └ @http://web-platform.test:8000/navigation-timing/test_unique_performance_objects.html:24:17

  ▶ TIMEOUT [expected OK] /navigation-timing/test_performance_attributes.sub.html
  │ 
  │ VMware, Inc.
  │ softpipe
  │ 3.3 (Core Profile) Mesa 17.3.0-devel
  │ processing fetch msg at: 55936554354296
  │ spawning fetch thread for http://web-platform.test:8000/navigation-timing/test_performance_attributes.sub.html
  │ start time: 55936554586698
  │ querying cache at 55936555027514
  │ request start is 55936555125418
  │ connect start: 55936555168856
  │ connect end at 55936555923833
  │ response start is 55936556090237
  │ response end is 55936558153389
  │ zero redirects? 0
  │ done at 55936560171810
  │ 
  │ processing fetch msg at: 55936568728349
  │ spawning fetch thread for http://web-platform.test:8000/resources/testharness.js
  │ start time: 55936568879949
  │ querying cache at 55936569189004
  │ request start is 55936569314483
  │ response start is 55936569528362
  │ response end is 55936571178911
  │ zero redirects? 0
  │ done at 55936596795018
  │ 
  │ processing fetch msg at: 55936633438276
  │ spawning fetch thread for http://web-platform.test:8000/resources/testharnessreport.js
  │ start time: 55936633628329
  │ querying cache at 55936633894381
  │ request start is 55936633987841
  │ connect start: 55936633999521
  │ connect end at 55936634174817
  │ response start is 55936634345461
  │ response end is 55936635741031
  │ zero redirects? 0
  │ done at 55936638045655
  │ 
  │ fetch async requesting resource: file:///Users/ddh/mozilla/servo/servo-1/resources/ahem/AHEM____.TTF
  │ processing fetch msg at: 55936677954737
  │ spawning fetch thread for file:///Users/ddh/mozilla/servo/servo-1/resources/ahem/AHEM____.TTF
  │ start time: 55936678193879
  │ zero redirects? 0
  │ done at 55936682657195
  │ 
  │ ERROR 2018-05-01T09:04:23Z: webrender::display_list_flattener: Unknown pipeline used for iframe IframeDisplayItem { clip_id: Clip(2, PipelineId(0, 1)), pipeline_id: PipelineId(1, 2) }
  │ processing fetch msg at: 55936704178322
  │ spawning fetch thread for https://web-platform.test:8443/navigation-timing/resources/performance_attribute_sender.html
  │ start time: 55936704608894
  │ querying cache at 55936704895422
  │ request start is 55936705005421
  │ connect start: 55936705028423
  │ secure connect start 55936705261719
  │ ERROR 2018-05-01T09:04:23Z: webrender::display_list_flattener: Unknown pipeline used for iframe IframeDisplayItem { clip_id: Clip(2, PipelineId(0, 1)), pipeline_id: PipelineId(1, 2) }
  │ connect end at 55936711615693
  │ response start is 55936711772633
  │ ERROR 2018-05-01T09:04:23Z: webrender::display_list_flattener: Unknown pipeline used for iframe IframeDisplayItem { clip_id: Clip(2, PipelineId(0, 1)), pipeline_id: PipelineId(1, 2) }
  │ fetch async requesting resource: file:///Users/ddh/mozilla/servo/servo-1/resources/ahem/AHEM____.TTF
  │ processing fetch msg at: 55936714587929
  │ spawning fetch thread for file:///Users/ddh/mozilla/servo/servo-1/resources/ahem/AHEM____.TTF
  │ start time: 55936717380182
  │ response end is 55936718834808
  │ zero redirects? 0
  │ done at 55936722591289
  │ 
  │ zero redirects? 0
  │ done at 55936723129112
  │ 
  │ ERROR 2018-05-01T09:04:23Z: script::dom::bindings::error: Error at https://web-platform.test:8443/navigation-timing/resources/performance_attribute_sender.html:6:3 performance.timing is undefined
  │ fetch async requesting resource: file:///Users/ddh/mozilla/servo/servo-1/resources/ahem/AHEM____.TTF
  │ processing fetch msg at: 55936741643227
  │ spawning fetch thread for file:///Users/ddh/mozilla/servo/servo-1/resources/ahem/AHEM____.TTF
  │ start time: 55936741793603
  │ zero redirects? 0
  │ done at 55936746191072
  └ 

  ▶ Unexpected subtest result in /navigation-timing/test_performance_attributes.sub.html:
  │ TIMEOUT [expected FAIL] Check that performance.timing has reasonable values for secureConnectionStart and other attributes
  └   → Test timed out

  ▶ Unexpected subtest result in /navigation-timing/test_timing_attributes_order.html:
  │ FAIL [expected PASS] window.performance.timing is defined
  │   → assert_true: window.performance.timing is defined expected true got false
  │ 
  │ test_namespace/<@http://web-platform.test:8000/navigation-timing/resources/webperftestharness.js:47:30
  │ Test.prototype.step@http://web-platform.test:8000/resources/testharness.js:1490:20
  │ test@http://web-platform.test:8000/resources/testharness.js:500:9
  │ wp_test@http://web-platform.test:8000/common/performance-timeline-utils.js:17:3
  │ test_namespace@http://web-platform.test:8000/navigation-timing/resources/webperftestharness.js:47:9
  └ @http://web-platform.test:8000/navigation-timing/test_timing_attributes_order.html:15:13

