{"action": "log", "time": 1743455714576, "thread": "MainThread", "pid": 45399, "source": "web-platform-tests", "component": "vcs", "message": "git rev-parse --show-toplevel", "level": "DEBUG"}
{"action": "log", "time": 1743455714590, "thread": "MainThread", "pid": 45399, "source": "web-platform-tests", "component": "vcs", "message": "git rev-parse --show-cdup", "level": "DEBUG"}
{"action": "log", "time": 1743455714602, "thread": "MainThread", "pid": 45399, "source": "web-platform-tests", "component": "vcs", "message": "git rev-parse HEAD", "level": "DEBUG"}
{"action": "log", "time": 1743455716118, "thread": "MainThread", "pid": 45418, "source": "None", "component": "wptserve", "message": "Create socket on: (<AddressFamily.AF_INET6: 30>, <SocketKind.SOCK_STREAM: 1>, '', '', '')", "exc_info": false, "level": "INFO"}
{"action": "log", "time": 1743455716118, "thread": "MainThread", "pid": 45418, "source": "None", "component": "wptserve", "message": "Create socket on: (<AddressFamily.AF_INET: 2>, <SocketKind.SOCK_STREAM: 1>, '', '', '')", "exc_info": false, "level": "INFO"}
{"action": "log", "time": 1743455716118, "thread": "MainThread", "pid": 45418, "source": "None", "component": "wptserve", "message": "Bind on: (<AddressFamily.AF_INET6: 30>, <SocketKind.SOCK_STREAM: 1>, '', '', '')", "exc_info": false, "level": "INFO"}
{"action": "log", "time": 1743455716120, "thread": "MainThread", "pid": 45418, "source": "None", "component": "wptserve", "message": "Bind on: (<AddressFamily.AF_INET: 2>, <SocketKind.SOCK_STREAM: 1>, '', '', '')", "exc_info": false, "level": "INFO"}
{"action": "log", "time": 1743455716120, "thread": "MainThread", "pid": 45418, "source": "None", "component": "wptserve", "message": "Skip by failure: OSError(48, 'Address already in use')", "exc_info": false, "level": "INFO"}
{"action": "log", "time": 1743455716120, "thread": "MainThread", "pid": 45418, "source": "None", "component": "wptserve", "message": "Listen on: (<AddressFamily.AF_INET6: 30>, <SocketKind.SOCK_STREAM: 1>, '', '', '')", "exc_info": false, "level": "INFO"}
{"action": "log", "time": 1743455716122, "thread": "MainThread", "pid": 45411, "source": "None", "component": "wptserve", "message": "Starting http server on http://127.0.0.1:8001", "exc_info": false, "level": "INFO"}
{"action": "log", "time": 1743455716124, "thread": "MainThread", "pid": 45414, "source": "None", "component": "wptserve", "message": "Starting https server on https://127.0.0.1:8443", "exc_info": false, "level": "INFO"}
{"action": "log", "time": 1743455716124, "thread": "MainThread", "pid": 45412, "source": "None", "component": "wptserve", "message": "Starting http server on http://127.0.0.1:8002", "exc_info": false, "level": "INFO"}
{"action": "log", "time": 1743455716127, "thread": "MainThread", "pid": 45410, "source": "None", "component": "wptserve", "message": "Starting http server on http://127.0.0.1:8000", "exc_info": false, "level": "INFO"}
{"action": "log", "time": 1743455716127, "thread": "MainThread", "pid": 45419, "source": "None", "component": "wptserve", "message": "Create socket on: (<AddressFamily.AF_INET6: 30>, <SocketKind.SOCK_STREAM: 1>, '', '', '')", "exc_info": false, "level": "INFO"}
{"action": "log", "time": 1743455716128, "thread": "MainThread", "pid": 45416, "source": "None", "component": "wptserve", "message": "Starting https server on https://127.0.0.1:8445", "exc_info": false, "level": "INFO"}
{"action": "log", "time": 1743455716128, "thread": "MainThread", "pid": 45419, "source": "None", "component": "wptserve", "message": "Create socket on: (<AddressFamily.AF_INET: 2>, <SocketKind.SOCK_STREAM: 1>, '', '', '')", "exc_info": false, "level": "INFO"}
{"action": "log", "time": 1743455716129, "thread": "MainThread", "pid": 45419, "source": "None", "component": "wptserve", "message": "Bind on: (<AddressFamily.AF_INET6: 30>, <SocketKind.SOCK_STREAM: 1>, '', '', '')", "exc_info": false, "level": "INFO"}
{"action": "log", "time": 1743455716130, "thread": "MainThread", "pid": 45419, "source": "None", "component": "wptserve", "message": "Bind on: (<AddressFamily.AF_INET: 2>, <SocketKind.SOCK_STREAM: 1>, '', '', '')", "exc_info": false, "level": "INFO"}
{"action": "log", "time": 1743455716130, "thread": "MainThread", "pid": 45419, "source": "None", "component": "wptserve", "message": "Skip by failure: OSError(48, 'Address already in use')", "exc_info": false, "level": "INFO"}
{"action": "log", "time": 1743455716130, "thread": "MainThread", "pid": 45419, "source": "None", "component": "wptserve", "message": "Listen on: (<AddressFamily.AF_INET6: 30>, <SocketKind.SOCK_STREAM: 1>, '', '', '')", "exc_info": false, "level": "INFO"}
{"action": "log", "time": 1743455716133, "thread": "MainThread", "pid": 45417, "source": "None", "component": "wptserve", "message": "Starting https server on https://127.0.0.1:8446", "exc_info": false, "level": "INFO"}
{"action": "log", "time": 1743455716133, "thread": "MainThread", "pid": 45413, "source": "None", "component": "wptserve", "message": "Starting http server on http://127.0.0.1:8003", "exc_info": false, "level": "INFO"}
{"action": "log", "time": 1743455716136, "thread": "MainThread", "pid": 45415, "source": "None", "component": "wptserve", "message": "Starting https server on https://127.0.0.1:8444", "exc_info": false, "level": "INFO"}
{"action": "log", "time": 1743455716146, "thread": "MainThread", "pid": 45420, "source": "None", "component": "wptserve", "message": "Starting http2 server on https://127.0.0.1:9000", "exc_info": false, "level": "INFO"}
{"action": "suite_start", "time": 1743455716215, "thread": "MainThread", "pid": 45399, "source": "web-platform-tests", "name": "web-platform-test", "run_info": {"os": "mac", "processor": "arm", "version": "OS X 15.2", "os_version": "15.2", "bits": 64, "has_sandbox": true, "display": null, "automation": false, "apple_silicon": true, "apple_catalina": false, "win10_2004": false, "win10_2009": false, "win11_2009": false, "revision": "1c655b5b66e574e8376a58b56a70c3fb19e16646", "python_version": 3, "product": "servo", "debug": false, "verify": false, "wasm": false, "headless": false}, "extra": {"run_by_dir": false}, "tests": {":/": ["/html/semantics/forms/constraints/form-validation-validity-patternMismatch.html", "/html/semantics/forms/the-input-element/pattern_attribute_v_flag.html"]}}
{"action": "add_subsuite", "time": 1743455716215, "thread": "MainThread", "pid": 45399, "source": "web-platform-tests", "name": "", "run_info": {"subsuite": ""}}
{"action": "log", "time": 1743455716215, "thread": "MainThread", "pid": 45399, "source": "web-platform-tests", "message": "Using 2 child processes", "level": "INFO"}
{"action": "log", "time": 1743455716216, "thread": "TestRunnerManager-0", "pid": 45399, "source": "web-platform-tests", "message": "Dispatch start_init", "level": "DEBUG"}
{"action": "log", "time": 1743455716216, "thread": "TestRunnerManager-0", "pid": 45399, "source": "web-platform-tests", "message": "Got new test group subsuite: test_type:testharness", "level": "DEBUG"}
{"action": "log", "time": 1743455716216, "thread": "TestRunnerManager-0", "pid": 45399, "source": "web-platform-tests", "message": "new state: initializing", "level": "DEBUG"}
{"action": "log", "time": 1743455716216, "thread": "TestRunnerManager-0", "pid": 45399, "source": "web-platform-tests", "message": "Dispatch init", "level": "DEBUG"}
{"action": "log", "time": 1743455716216, "thread": "TestRunnerManager-0", "pid": 45399, "source": "web-platform-tests", "message": "Init called, starting browser and runner", "level": "DEBUG"}
{"action": "log", "time": 1743455716217, "thread": "TestRunnerManager-1", "pid": 45399, "source": "web-platform-tests", "message": "Dispatch start_init", "level": "DEBUG"}
{"action": "log", "time": 1743455716217, "thread": "TestRunnerManager-1", "pid": 45399, "source": "web-platform-tests", "message": "Got new test group subsuite: test_type:testharness", "level": "DEBUG"}
{"action": "log", "time": 1743455716217, "thread": "TestRunnerManager-1", "pid": 45399, "source": "web-platform-tests", "message": "new state: initializing", "level": "DEBUG"}
{"action": "log", "time": 1743455716217, "thread": "TestRunnerManager-1", "pid": 45399, "source": "web-platform-tests", "message": "Dispatch init", "level": "DEBUG"}
{"action": "log", "time": 1743455716217, "thread": "TestRunnerManager-1", "pid": 45399, "source": "web-platform-tests", "message": "Init called, starting browser and runner", "level": "DEBUG"}
{"action": "log", "time": 1743455716217, "thread": "TestRunnerManager-1", "pid": 45399, "source": "web-platform-tests", "message": "Starting browser with settings {}", "level": "DEBUG"}
{"action": "log", "time": 1743455716217, "thread": "TestRunnerManager-1", "pid": 45399, "source": "web-platform-tests", "message": "Starting runner", "level": "INFO"}
{"action": "log", "time": 1743455716217, "thread": "TestRunnerManager-0", "pid": 45399, "source": "web-platform-tests", "message": "Starting browser with settings {}", "level": "DEBUG"}
{"action": "log", "time": 1743455716220, "thread": "TestRunnerManager-1", "pid": 45399, "source": "web-platform-tests", "message": "Test runner started", "level": "DEBUG"}
{"action": "log", "time": 1743455716220, "thread": "TestRunnerManager-0", "pid": 45399, "source": "web-platform-tests", "message": "Starting runner", "level": "INFO"}
{"action": "log", "time": 1743455716222, "thread": "TestRunnerManager-0", "pid": 45399, "source": "web-platform-tests", "message": "Test runner started", "level": "DEBUG"}
{"action": "log", "time": 1743455716411, "thread": "TestRunnerManager-0", "pid": 45399, "source": "web-platform-tests", "message": "Got command: 'log'", "level": "DEBUG"}
{"action": "log", "time": 1743455716410, "thread": "MainThread", "pid": 45437, "source": "TestRunner-0", "message": "Executor setup", "exc_info": false, "level": "DEBUG"}
{"action": "log", "time": 1743455716411, "thread": "TestRunnerManager-0", "pid": 45399, "source": "web-platform-tests", "message": "Got command: 'init_succeeded'", "level": "DEBUG"}
{"action": "log", "time": 1743455716411, "thread": "TestRunnerManager-1", "pid": 45399, "source": "web-platform-tests", "message": "Got command: 'log'", "level": "DEBUG"}
{"action": "log", "time": 1743455716410, "thread": "MainThread", "pid": 45436, "source": "TestRunner-1", "message": "Executor setup", "exc_info": false, "level": "DEBUG"}
{"action": "log", "time": 1743455716411, "thread": "TestRunnerManager-1", "pid": 45399, "source": "web-platform-tests", "message": "Got command: 'init_succeeded'", "level": "DEBUG"}
{"action": "log", "time": 1743455716411, "thread": "TestRunnerManager-1", "pid": 45399, "source": "web-platform-tests", "message": "new state: running", "level": "DEBUG"}
{"action": "log", "time": 1743455716411, "thread": "TestRunnerManager-1", "pid": 45399, "source": "web-platform-tests", "message": "Dispatch run_test", "level": "DEBUG"}
{"action": "log", "time": 1743455716411, "thread": "TestRunnerManager-0", "pid": 45399, "source": "web-platform-tests", "message": "new state: running", "level": "DEBUG"}
{"action": "log", "time": 1743455716411, "thread": "TestRunnerManager-0", "pid": 45399, "source": "web-platform-tests", "message": "Dispatch run_test", "level": "DEBUG"}
{"action": "test_start", "time": 1743455716411, "thread": "TestRunnerManager-1", "pid": 45399, "source": "web-platform-tests", "subsuite": "", "test": "/html/semantics/forms/the-input-element/pattern_attribute_v_flag.html"}
{"action": "test_start", "time": 1743455716412, "thread": "TestRunnerManager-0", "pid": 45399, "source": "web-platform-tests", "subsuite": "", "test": "/html/semantics/forms/constraints/form-validation-validity-patternMismatch.html"}
{"action": "log", "time": 1743455716412, "thread": "TestRunnerManager-1", "pid": 45399, "source": "web-platform-tests", "message": "Got command: 'init_succeeded'", "level": "DEBUG"}
{"action": "log", "time": 1743455716412, "thread": "TestRunnerManager-1", "pid": 45399, "source": "web-platform-tests", "message": "Got command init_succeeded in state running", "level": "WARNING"}
{"action": "log", "time": 1743455716412, "thread": "TestRunnerManager-1", "pid": 45399, "source": "web-platform-tests", "message": "Got command: 'log'", "level": "DEBUG"}
{"action": "log", "time": 1743455716412, "thread": "TestRunnerManager-0", "pid": 45399, "source": "web-platform-tests", "message": "Got command: 'init_succeeded'", "level": "DEBUG"}
{"action": "log", "time": 1743455716411, "thread": "MainThread", "pid": 45436, "source": "TestRunner-1", "message": "Executor setup done", "exc_info": false, "level": "DEBUG"}
{"action": "log", "time": 1743455716412, "thread": "TestRunnerManager-0", "pid": 45399, "source": "web-platform-tests", "message": "Got command init_succeeded in state running", "level": "WARNING"}
{"action": "log", "time": 1743455716413, "thread": "TestRunnerManager-0", "pid": 45399, "source": "web-platform-tests", "message": "Got command: 'log'", "level": "DEBUG"}
{"action": "log", "time": 1743455716411, "thread": "MainThread", "pid": 45437, "source": "TestRunner-0", "message": "Executor setup done", "exc_info": false, "level": "DEBUG"}
{"action": "log", "time": 1743455717887, "thread": "TestRunnerManager-1", "pid": 45399, "source": "web-platform-tests", "message": "Got command: 'test_ended'", "level": "DEBUG"}
{"action": "test_status", "time": 1743455717887, "thread": "TestRunnerManager-1", "pid": 45399, "source": "web-platform-tests", "expected": "FAIL", "known_intermittent": [], "subsuite": "", "test": "/html/semantics/forms/the-input-element/pattern_attribute_v_flag.html", "subtest": "<input pattern> supports set difference syntax", "status": "PASS"}
{"action": "test_status", "time": 1743455717887, "thread": "TestRunnerManager-1", "pid": 45399, "source": "web-platform-tests", "expected": "FAIL", "known_intermittent": [], "subsuite": "", "test": "/html/semantics/forms/the-input-element/pattern_attribute_v_flag.html", "subtest": "<input pattern> supports string literal syntax", "status": "PASS"}
{"action": "test_status", "time": 1743455717887, "thread": "TestRunnerManager-1", "pid": 45399, "source": "web-platform-tests", "expected": "FAIL", "known_intermittent": [], "subsuite": "", "test": "/html/semantics/forms/the-input-element/pattern_attribute_v_flag.html", "subtest": "<input pattern> enables the RegExp v flag", "status": "PASS"}
{"action": "test_end", "time": 1743455717887, "thread": "TestRunnerManager-1", "pid": 45399, "source": "web-platform-tests", "known_intermittent": [], "extra": {"test_timeout": 10}, "subsuite": "", "test": "/html/semantics/forms/the-input-element/pattern_attribute_v_flag.html", "status": "OK"}
{"action": "log", "time": 1743455717887, "thread": "TestRunnerManager-1", "pid": 45399, "source": "web-platform-tests", "message": "No more tests", "level": "INFO"}
{"action": "log", "time": 1743455717887, "thread": "TestRunnerManager-1", "pid": 45399, "source": "web-platform-tests", "message": "new state: stop", "level": "DEBUG"}
{"action": "log", "time": 1743455717887, "thread": "TestRunnerManager-1", "pid": 45399, "source": "web-platform-tests", "message": "TestRunnerManager main loop terminating, starting cleanup", "level": "DEBUG"}
{"action": "log", "time": 1743455717887, "thread": "TestRunnerManager-1", "pid": 45399, "source": "web-platform-tests", "message": "Stopping runner process", "level": "DEBUG"}
{"action": "log", "time": 1743455717911, "thread": "TestRunnerManager-1", "pid": 45399, "source": "web-platform-tests", "message": "Runner process exited with code 0", "level": "DEBUG"}
{"action": "log", "time": 1743455717911, "thread": "TestRunnerManager-1", "pid": 45399, "source": "web-platform-tests", "message": "TestRunnerManager cleanup", "level": "DEBUG"}
{"action": "log", "time": 1743455717888, "thread": "MainThread", "pid": 45436, "source": "TestRunner-1", "message": "Closing logging queue", "exc_info": false, "level": "INFO"}
{"action": "log", "time": 1743455717888, "thread": "MainThread", "pid": 45436, "source": "TestRunner-1", "message": "queue closed", "exc_info": false, "level": "INFO"}
{"action": "log", "time": 1743455717911, "thread": "TestRunnerManager-1", "pid": 45399, "source": "web-platform-tests", "message": "TestRunnerManager teardown", "level": "DEBUG"}
{"action": "log", "time": 1743455717912, "thread": "TestRunnerManager-1", "pid": 45399, "source": "web-platform-tests", "message": "TestRunnerManager main loop terminated", "level": "DEBUG"}
{"action": "log", "time": 1743455717934, "thread": "TestRunnerManager-0", "pid": 45399, "source": "web-platform-tests", "message": "Got command: 'test_ended'", "level": "DEBUG"}
{"action": "test_status", "time": 1743455717934, "thread": "TestRunnerManager-0", "pid": 45399, "source": "web-platform-tests", "known_intermittent": [], "subsuite": "", "test": "/html/semantics/forms/constraints/form-validation-validity-patternMismatch.html", "subtest": "[INPUT in TEXT status] The pattern attribute is not set", "status": "PASS"}
{"action": "test_status", "time": 1743455717934, "thread": "TestRunnerManager-0", "pid": 45399, "source": "web-platform-tests", "known_intermittent": [], "subsuite": "", "test": "/html/semantics/forms/constraints/form-validation-validity-patternMismatch.html", "subtest": "[INPUT in TEXT status] The value attibute is empty string", "status": "PASS"}
{"action": "test_status", "time": 1743455717934, "thread": "TestRunnerManager-0", "pid": 45399, "source": "web-platform-tests", "known_intermittent": [], "subsuite": "", "test": "/html/semantics/forms/constraints/form-validation-validity-patternMismatch.html", "subtest": "[INPUT in TEXT status] The value attribute matches the pattern attribute", "status": "PASS"}
{"action": "test_status", "time": 1743455717934, "thread": "TestRunnerManager-0", "pid": 45399, "source": "web-platform-tests", "known_intermittent": [], "subsuite": "", "test": "/html/semantics/forms/constraints/form-validation-validity-patternMismatch.html", "subtest": "[INPUT in TEXT status] The value(ABC) in unicode attribute matches the pattern attribute", "status": "PASS"}
{"action": "test_status", "time": 1743455717934, "thread": "TestRunnerManager-0", "pid": 45399, "source": "web-platform-tests", "known_intermittent": [], "subsuite": "", "test": "/html/semantics/forms/constraints/form-validation-validity-patternMismatch.html", "subtest": "[INPUT in TEXT status] The value attribute mismatches the pattern attribute", "status": "PASS"}
{"action": "test_status", "time": 1743455717934, "thread": "TestRunnerManager-0", "pid": 45399, "source": "web-platform-tests", "known_intermittent": [], "subsuite": "", "test": "/html/semantics/forms/constraints/form-validation-validity-patternMismatch.html", "subtest": "[INPUT in TEXT status] The value attribute mismatches the pattern attribute even when a subset matches", "status": "PASS"}
{"action": "test_status", "time": 1743455717934, "thread": "TestRunnerManager-0", "pid": 45399, "source": "web-platform-tests", "known_intermittent": [], "subsuite": "", "test": "/html/semantics/forms/constraints/form-validation-validity-patternMismatch.html", "subtest": "[INPUT in TEXT status] Invalid regular expression gets ignored", "status": "PASS"}
{"action": "test_status", "time": 1743455717934, "thread": "TestRunnerManager-0", "pid": 45399, "source": "web-platform-tests", "expected": "FAIL", "known_intermittent": [], "subsuite": "", "test": "/html/semantics/forms/constraints/form-validation-validity-patternMismatch.html", "subtest": "[INPUT in TEXT status] Invalid `v` regular expression gets ignored", "status": "PASS"}
{"action": "test_status", "time": 1743455717934, "thread": "TestRunnerManager-0", "pid": 45399, "source": "web-platform-tests", "known_intermittent": [], "subsuite": "", "test": "/html/semantics/forms/constraints/form-validation-validity-patternMismatch.html", "subtest": "[INPUT in TEXT status] The pattern attribute tries to escape a group", "status": "PASS"}
{"action": "test_status", "time": 1743455717934, "thread": "TestRunnerManager-0", "pid": 45399, "source": "web-platform-tests", "known_intermittent": [], "subsuite": "", "test": "/html/semantics/forms/constraints/form-validation-validity-patternMismatch.html", "subtest": "[INPUT in TEXT status] The pattern attribute uses Unicode features", "status": "PASS"}
{"action": "test_status", "time": 1743455717934, "thread": "TestRunnerManager-0", "pid": 45399, "source": "web-platform-tests", "known_intermittent": [], "subsuite": "", "test": "/html/semantics/forms/constraints/form-validation-validity-patternMismatch.html", "subtest": "[INPUT in TEXT status] The value attribute matches JavaScript-specific regular expression", "status": "PASS"}
{"action": "test_status", "time": 1743455717934, "thread": "TestRunnerManager-0", "pid": 45399, "source": "web-platform-tests", "known_intermittent": [], "subsuite": "", "test": "/html/semantics/forms/constraints/form-validation-validity-patternMismatch.html", "subtest": "[INPUT in TEXT status] The value attribute mismatches JavaScript-specific regular expression", "status": "PASS"}
{"action": "test_status", "time": 1743455717934, "thread": "TestRunnerManager-0", "pid": 45399, "source": "web-platform-tests", "known_intermittent": [], "subsuite": "", "test": "/html/semantics/forms/constraints/form-validation-validity-patternMismatch.html", "subtest": "[INPUT in SEARCH status] The pattern attribute is not set", "status": "PASS"}
{"action": "test_status", "time": 1743455717934, "thread": "TestRunnerManager-0", "pid": 45399, "source": "web-platform-tests", "known_intermittent": [], "subsuite": "", "test": "/html/semantics/forms/constraints/form-validation-validity-patternMismatch.html", "subtest": "[INPUT in SEARCH status] The value attibute is empty string", "status": "PASS"}
{"action": "test_status", "time": 1743455717934, "thread": "TestRunnerManager-0", "pid": 45399, "source": "web-platform-tests", "known_intermittent": [], "subsuite": "", "test": "/html/semantics/forms/constraints/form-validation-validity-patternMismatch.html", "subtest": "[INPUT in SEARCH status] The value attribute matches the pattern attribute", "status": "PASS"}
{"action": "test_status", "time": 1743455717934, "thread": "TestRunnerManager-0", "pid": 45399, "source": "web-platform-tests", "known_intermittent": [], "subsuite": "", "test": "/html/semantics/forms/constraints/form-validation-validity-patternMismatch.html", "subtest": "[INPUT in SEARCH status] The value(ABC) in unicode attribute matches the pattern attribute", "status": "PASS"}
{"action": "test_status", "time": 1743455717934, "thread": "TestRunnerManager-0", "pid": 45399, "source": "web-platform-tests", "known_intermittent": [], "subsuite": "", "test": "/html/semantics/forms/constraints/form-validation-validity-patternMismatch.html", "subtest": "[INPUT in SEARCH status] The value attribute mismatches the pattern attribute", "status": "PASS"}
{"action": "test_status", "time": 1743455717934, "thread": "TestRunnerManager-0", "pid": 45399, "source": "web-platform-tests", "known_intermittent": [], "subsuite": "", "test": "/html/semantics/forms/constraints/form-validation-validity-patternMismatch.html", "subtest": "[INPUT in SEARCH status] The value attribute mismatches the pattern attribute even when a subset matches", "status": "PASS"}
{"action": "test_status", "time": 1743455717934, "thread": "TestRunnerManager-0", "pid": 45399, "source": "web-platform-tests", "known_intermittent": [], "subsuite": "", "test": "/html/semantics/forms/constraints/form-validation-validity-patternMismatch.html", "subtest": "[INPUT in SEARCH status] Invalid regular expression gets ignored", "status": "PASS"}
{"action": "test_status", "time": 1743455717934, "thread": "TestRunnerManager-0", "pid": 45399, "source": "web-platform-tests", "expected": "FAIL", "known_intermittent": [], "subsuite": "", "test": "/html/semantics/forms/constraints/form-validation-validity-patternMismatch.html", "subtest": "[INPUT in SEARCH status] Invalid `v` regular expression gets ignored", "status": "PASS"}
{"action": "test_status", "time": 1743455717934, "thread": "TestRunnerManager-0", "pid": 45399, "source": "web-platform-tests", "known_intermittent": [], "subsuite": "", "test": "/html/semantics/forms/constraints/form-validation-validity-patternMismatch.html", "subtest": "[INPUT in SEARCH status] The pattern attribute tries to escape a group", "status": "PASS"}
{"action": "test_status", "time": 1743455717934, "thread": "TestRunnerManager-0", "pid": 45399, "source": "web-platform-tests", "known_intermittent": [], "subsuite": "", "test": "/html/semantics/forms/constraints/form-validation-validity-patternMismatch.html", "subtest": "[INPUT in SEARCH status] The pattern attribute uses Unicode features", "status": "PASS"}
{"action": "test_status", "time": 1743455717934, "thread": "TestRunnerManager-0", "pid": 45399, "source": "web-platform-tests", "known_intermittent": [], "subsuite": "", "test": "/html/semantics/forms/constraints/form-validation-validity-patternMismatch.html", "subtest": "[INPUT in SEARCH status] The value attribute matches JavaScript-specific regular expression", "status": "PASS"}
{"action": "test_status", "time": 1743455717934, "thread": "TestRunnerManager-0", "pid": 45399, "source": "web-platform-tests", "known_intermittent": [], "subsuite": "", "test": "/html/semantics/forms/constraints/form-validation-validity-patternMismatch.html", "subtest": "[INPUT in SEARCH status] The value attribute mismatches JavaScript-specific regular expression", "status": "PASS"}
{"action": "test_status", "time": 1743455717934, "thread": "TestRunnerManager-0", "pid": 45399, "source": "web-platform-tests", "known_intermittent": [], "subsuite": "", "test": "/html/semantics/forms/constraints/form-validation-validity-patternMismatch.html", "subtest": "[INPUT in TEL status] The pattern attribute is not set", "status": "PASS"}
{"action": "test_status", "time": 1743455717934, "thread": "TestRunnerManager-0", "pid": 45399, "source": "web-platform-tests", "known_intermittent": [], "subsuite": "", "test": "/html/semantics/forms/constraints/form-validation-validity-patternMismatch.html", "subtest": "[INPUT in TEL status] The value attibute is empty string", "status": "PASS"}
{"action": "test_status", "time": 1743455717934, "thread": "TestRunnerManager-0", "pid": 45399, "source": "web-platform-tests", "known_intermittent": [], "subsuite": "", "test": "/html/semantics/forms/constraints/form-validation-validity-patternMismatch.html", "subtest": "[INPUT in TEL status] The value attribute matches the pattern attribute", "status": "PASS"}
{"action": "test_status", "time": 1743455717934, "thread": "TestRunnerManager-0", "pid": 45399, "source": "web-platform-tests", "known_intermittent": [], "subsuite": "", "test": "/html/semantics/forms/constraints/form-validation-validity-patternMismatch.html", "subtest": "[INPUT in TEL status] The value(ABC) in unicode attribute matches the pattern attribute", "status": "PASS"}
{"action": "test_status", "time": 1743455717934, "thread": "TestRunnerManager-0", "pid": 45399, "source": "web-platform-tests", "known_intermittent": [], "subsuite": "", "test": "/html/semantics/forms/constraints/form-validation-validity-patternMismatch.html", "subtest": "[INPUT in TEL status] The value attribute mismatches the pattern attribute", "status": "PASS"}
{"action": "test_status", "time": 1743455717934, "thread": "TestRunnerManager-0", "pid": 45399, "source": "web-platform-tests", "known_intermittent": [], "subsuite": "", "test": "/html/semantics/forms/constraints/form-validation-validity-patternMismatch.html", "subtest": "[INPUT in TEL status] The value attribute mismatches the pattern attribute even when a subset matches", "status": "PASS"}
{"action": "test_status", "time": 1743455717935, "thread": "TestRunnerManager-0", "pid": 45399, "source": "web-platform-tests", "known_intermittent": [], "subsuite": "", "test": "/html/semantics/forms/constraints/form-validation-validity-patternMismatch.html", "subtest": "[INPUT in TEL status] Invalid regular expression gets ignored", "status": "PASS"}
{"action": "test_status", "time": 1743455717935, "thread": "TestRunnerManager-0", "pid": 45399, "source": "web-platform-tests", "expected": "FAIL", "known_intermittent": [], "subsuite": "", "test": "/html/semantics/forms/constraints/form-validation-validity-patternMismatch.html", "subtest": "[INPUT in TEL status] Invalid `v` regular expression gets ignored", "status": "PASS"}
{"action": "test_status", "time": 1743455717935, "thread": "TestRunnerManager-0", "pid": 45399, "source": "web-platform-tests", "known_intermittent": [], "subsuite": "", "test": "/html/semantics/forms/constraints/form-validation-validity-patternMismatch.html", "subtest": "[INPUT in TEL status] The pattern attribute tries to escape a group", "status": "PASS"}
{"action": "test_status", "time": 1743455717935, "thread": "TestRunnerManager-0", "pid": 45399, "source": "web-platform-tests", "known_intermittent": [], "subsuite": "", "test": "/html/semantics/forms/constraints/form-validation-validity-patternMismatch.html", "subtest": "[INPUT in TEL status] The pattern attribute uses Unicode features", "status": "PASS"}
{"action": "test_status", "time": 1743455717935, "thread": "TestRunnerManager-0", "pid": 45399, "source": "web-platform-tests", "known_intermittent": [], "subsuite": "", "test": "/html/semantics/forms/constraints/form-validation-validity-patternMismatch.html", "subtest": "[INPUT in TEL status] The value attribute matches JavaScript-specific regular expression", "status": "PASS"}
{"action": "test_status", "time": 1743455717935, "thread": "TestRunnerManager-0", "pid": 45399, "source": "web-platform-tests", "known_intermittent": [], "subsuite": "", "test": "/html/semantics/forms/constraints/form-validation-validity-patternMismatch.html", "subtest": "[INPUT in TEL status] The value attribute mismatches JavaScript-specific regular expression", "status": "PASS"}
{"action": "test_status", "time": 1743455717935, "thread": "TestRunnerManager-0", "pid": 45399, "source": "web-platform-tests", "known_intermittent": [], "subsuite": "", "test": "/html/semantics/forms/constraints/form-validation-validity-patternMismatch.html", "subtest": "[INPUT in URL status] The pattern attribute is not set", "status": "PASS"}
{"action": "test_status", "time": 1743455717935, "thread": "TestRunnerManager-0", "pid": 45399, "source": "web-platform-tests", "known_intermittent": [], "subsuite": "", "test": "/html/semantics/forms/constraints/form-validation-validity-patternMismatch.html", "subtest": "[INPUT in URL status] The value attibute is empty string", "status": "PASS"}
{"action": "test_status", "time": 1743455717935, "thread": "TestRunnerManager-0", "pid": 45399, "source": "web-platform-tests", "known_intermittent": [], "subsuite": "", "test": "/html/semantics/forms/constraints/form-validation-validity-patternMismatch.html", "subtest": "[INPUT in URL status] The value attribute matches the pattern attribute", "status": "PASS"}
{"action": "test_status", "time": 1743455717935, "thread": "TestRunnerManager-0", "pid": 45399, "source": "web-platform-tests", "known_intermittent": [], "subsuite": "", "test": "/html/semantics/forms/constraints/form-validation-validity-patternMismatch.html", "subtest": "[INPUT in URL status] The value(ABC) in unicode attribute matches the pattern attribute", "status": "PASS"}
{"action": "test_status", "time": 1743455717935, "thread": "TestRunnerManager-0", "pid": 45399, "source": "web-platform-tests", "known_intermittent": [], "subsuite": "", "test": "/html/semantics/forms/constraints/form-validation-validity-patternMismatch.html", "subtest": "[INPUT in URL status] The value attribute mismatches the pattern attribute", "status": "PASS"}
{"action": "test_status", "time": 1743455717935, "thread": "TestRunnerManager-0", "pid": 45399, "source": "web-platform-tests", "known_intermittent": [], "subsuite": "", "test": "/html/semantics/forms/constraints/form-validation-validity-patternMismatch.html", "subtest": "[INPUT in URL status] The value attribute mismatches the pattern attribute even when a subset matches", "status": "PASS"}
{"action": "test_status", "time": 1743455717935, "thread": "TestRunnerManager-0", "pid": 45399, "source": "web-platform-tests", "known_intermittent": [], "subsuite": "", "test": "/html/semantics/forms/constraints/form-validation-validity-patternMismatch.html", "subtest": "[INPUT in URL status] Invalid regular expression gets ignored", "status": "PASS"}
{"action": "test_status", "time": 1743455717935, "thread": "TestRunnerManager-0", "pid": 45399, "source": "web-platform-tests", "expected": "FAIL", "known_intermittent": [], "subsuite": "", "test": "/html/semantics/forms/constraints/form-validation-validity-patternMismatch.html", "subtest": "[INPUT in URL status] Invalid `v` regular expression gets ignored", "status": "PASS"}
{"action": "test_status", "time": 1743455717935, "thread": "TestRunnerManager-0", "pid": 45399, "source": "web-platform-tests", "known_intermittent": [], "subsuite": "", "test": "/html/semantics/forms/constraints/form-validation-validity-patternMismatch.html", "subtest": "[INPUT in URL status] The pattern attribute tries to escape a group", "status": "PASS"}
{"action": "test_status", "time": 1743455717935, "thread": "TestRunnerManager-0", "pid": 45399, "source": "web-platform-tests", "known_intermittent": [], "subsuite": "", "test": "/html/semantics/forms/constraints/form-validation-validity-patternMismatch.html", "subtest": "[INPUT in URL status] The pattern attribute uses Unicode features", "status": "PASS"}
{"action": "test_status", "time": 1743455717935, "thread": "TestRunnerManager-0", "pid": 45399, "source": "web-platform-tests", "known_intermittent": [], "subsuite": "", "test": "/html/semantics/forms/constraints/form-validation-validity-patternMismatch.html", "subtest": "[INPUT in URL status] The value attribute matches JavaScript-specific regular expression", "status": "PASS"}
{"action": "test_status", "time": 1743455717935, "thread": "TestRunnerManager-0", "pid": 45399, "source": "web-platform-tests", "known_intermittent": [], "subsuite": "", "test": "/html/semantics/forms/constraints/form-validation-validity-patternMismatch.html", "subtest": "[INPUT in URL status] The value attribute mismatches JavaScript-specific regular expression", "status": "PASS"}
{"action": "test_status", "time": 1743455717935, "thread": "TestRunnerManager-0", "pid": 45399, "source": "web-platform-tests", "known_intermittent": [], "subsuite": "", "test": "/html/semantics/forms/constraints/form-validation-validity-patternMismatch.html", "subtest": "[INPUT in EMAIL status] The pattern attribute is not set", "status": "PASS"}
{"action": "test_status", "time": 1743455717935, "thread": "TestRunnerManager-0", "pid": 45399, "source": "web-platform-tests", "known_intermittent": [], "subsuite": "", "test": "/html/semantics/forms/constraints/form-validation-validity-patternMismatch.html", "subtest": "[INPUT in EMAIL status] The value attibute is empty string", "status": "PASS"}
{"action": "test_status", "time": 1743455717935, "thread": "TestRunnerManager-0", "pid": 45399, "source": "web-platform-tests", "known_intermittent": [], "subsuite": "", "test": "/html/semantics/forms/constraints/form-validation-validity-patternMismatch.html", "subtest": "[INPUT in EMAIL status] The value attribute matches the pattern attribute", "status": "PASS"}
{"action": "test_status", "time": 1743455717935, "thread": "TestRunnerManager-0", "pid": 45399, "source": "web-platform-tests", "known_intermittent": [], "subsuite": "", "test": "/html/semantics/forms/constraints/form-validation-validity-patternMismatch.html", "subtest": "[INPUT in EMAIL status] The value(ABC) in unicode attribute matches the pattern attribute", "status": "PASS"}
{"action": "test_status", "time": 1743455717935, "thread": "TestRunnerManager-0", "pid": 45399, "source": "web-platform-tests", "known_intermittent": [], "subsuite": "", "test": "/html/semantics/forms/constraints/form-validation-validity-patternMismatch.html", "subtest": "[INPUT in EMAIL status] The value attribute mismatches the pattern attribute", "status": "PASS"}
{"action": "test_status", "time": 1743455717935, "thread": "TestRunnerManager-0", "pid": 45399, "source": "web-platform-tests", "known_intermittent": [], "subsuite": "", "test": "/html/semantics/forms/constraints/form-validation-validity-patternMismatch.html", "subtest": "[INPUT in EMAIL status] The value attribute mismatches the pattern attribute even when a subset matches", "status": "PASS"}
{"action": "test_status", "time": 1743455717935, "thread": "TestRunnerManager-0", "pid": 45399, "source": "web-platform-tests", "known_intermittent": [], "subsuite": "", "test": "/html/semantics/forms/constraints/form-validation-validity-patternMismatch.html", "subtest": "[INPUT in EMAIL status] Invalid regular expression gets ignored", "status": "PASS"}
{"action": "test_status", "time": 1743455717935, "thread": "TestRunnerManager-0", "pid": 45399, "source": "web-platform-tests", "expected": "FAIL", "known_intermittent": [], "subsuite": "", "test": "/html/semantics/forms/constraints/form-validation-validity-patternMismatch.html", "subtest": "[INPUT in EMAIL status] Invalid `v` regular expression gets ignored", "status": "PASS"}
{"action": "test_status", "time": 1743455717935, "thread": "TestRunnerManager-0", "pid": 45399, "source": "web-platform-tests", "known_intermittent": [], "subsuite": "", "test": "/html/semantics/forms/constraints/form-validation-validity-patternMismatch.html", "subtest": "[INPUT in EMAIL status] The pattern attribute tries to escape a group", "status": "PASS"}
{"action": "test_status", "time": 1743455717935, "thread": "TestRunnerManager-0", "pid": 45399, "source": "web-platform-tests", "known_intermittent": [], "subsuite": "", "test": "/html/semantics/forms/constraints/form-validation-validity-patternMismatch.html", "subtest": "[INPUT in EMAIL status] The pattern attribute uses Unicode features", "status": "PASS"}
{"action": "test_status", "time": 1743455717935, "thread": "TestRunnerManager-0", "pid": 45399, "source": "web-platform-tests", "known_intermittent": [], "subsuite": "", "test": "/html/semantics/forms/constraints/form-validation-validity-patternMismatch.html", "subtest": "[INPUT in EMAIL status] The value attribute matches JavaScript-specific regular expression", "status": "PASS"}
{"action": "test_status", "time": 1743455717935, "thread": "TestRunnerManager-0", "pid": 45399, "source": "web-platform-tests", "known_intermittent": [], "subsuite": "", "test": "/html/semantics/forms/constraints/form-validation-validity-patternMismatch.html", "subtest": "[INPUT in EMAIL status] The value attribute mismatches JavaScript-specific regular expression", "status": "PASS"}
{"action": "test_status", "time": 1743455717935, "thread": "TestRunnerManager-0", "pid": 45399, "source": "web-platform-tests", "known_intermittent": [], "subsuite": "", "test": "/html/semantics/forms/constraints/form-validation-validity-patternMismatch.html", "subtest": "[INPUT in PASSWORD status] The pattern attribute is not set", "status": "PASS"}
{"action": "test_status", "time": 1743455717935, "thread": "TestRunnerManager-0", "pid": 45399, "source": "web-platform-tests", "known_intermittent": [], "subsuite": "", "test": "/html/semantics/forms/constraints/form-validation-validity-patternMismatch.html", "subtest": "[INPUT in PASSWORD status] The value attibute is empty string", "status": "PASS"}
{"action": "test_status", "time": 1743455717935, "thread": "TestRunnerManager-0", "pid": 45399, "source": "web-platform-tests", "known_intermittent": [], "subsuite": "", "test": "/html/semantics/forms/constraints/form-validation-validity-patternMismatch.html", "subtest": "[INPUT in PASSWORD status] The value attribute matches the pattern attribute", "status": "PASS"}
{"action": "test_status", "time": 1743455717935, "thread": "TestRunnerManager-0", "pid": 45399, "source": "web-platform-tests", "known_intermittent": [], "subsuite": "", "test": "/html/semantics/forms/constraints/form-validation-validity-patternMismatch.html", "subtest": "[INPUT in PASSWORD status] The value(ABC) in unicode attribute matches the pattern attribute", "status": "PASS"}
{"action": "test_status", "time": 1743455717935, "thread": "TestRunnerManager-0", "pid": 45399, "source": "web-platform-tests", "known_intermittent": [], "subsuite": "", "test": "/html/semantics/forms/constraints/form-validation-validity-patternMismatch.html", "subtest": "[INPUT in PASSWORD status] The value attribute mismatches the pattern attribute", "status": "PASS"}
{"action": "test_status", "time": 1743455717935, "thread": "TestRunnerManager-0", "pid": 45399, "source": "web-platform-tests", "known_intermittent": [], "subsuite": "", "test": "/html/semantics/forms/constraints/form-validation-validity-patternMismatch.html", "subtest": "[INPUT in PASSWORD status] The value attribute mismatches the pattern attribute even when a subset matches", "status": "PASS"}
{"action": "test_status", "time": 1743455717935, "thread": "TestRunnerManager-0", "pid": 45399, "source": "web-platform-tests", "known_intermittent": [], "subsuite": "", "test": "/html/semantics/forms/constraints/form-validation-validity-patternMismatch.html", "subtest": "[INPUT in PASSWORD status] Invalid regular expression gets ignored", "status": "PASS"}
{"action": "test_status", "time": 1743455717935, "thread": "TestRunnerManager-0", "pid": 45399, "source": "web-platform-tests", "expected": "FAIL", "known_intermittent": [], "subsuite": "", "test": "/html/semantics/forms/constraints/form-validation-validity-patternMismatch.html", "subtest": "[INPUT in PASSWORD status] Invalid `v` regular expression gets ignored", "status": "PASS"}
{"action": "test_status", "time": 1743455717935, "thread": "TestRunnerManager-0", "pid": 45399, "source": "web-platform-tests", "known_intermittent": [], "subsuite": "", "test": "/html/semantics/forms/constraints/form-validation-validity-patternMismatch.html", "subtest": "[INPUT in PASSWORD status] The pattern attribute tries to escape a group", "status": "PASS"}
{"action": "test_status", "time": 1743455717935, "thread": "TestRunnerManager-0", "pid": 45399, "source": "web-platform-tests", "known_intermittent": [], "subsuite": "", "test": "/html/semantics/forms/constraints/form-validation-validity-patternMismatch.html", "subtest": "[INPUT in PASSWORD status] The pattern attribute uses Unicode features", "status": "PASS"}
{"action": "test_status", "time": 1743455717935, "thread": "TestRunnerManager-0", "pid": 45399, "source": "web-platform-tests", "known_intermittent": [], "subsuite": "", "test": "/html/semantics/forms/constraints/form-validation-validity-patternMismatch.html", "subtest": "[INPUT in PASSWORD status] The value attribute matches JavaScript-specific regular expression", "status": "PASS"}
{"action": "test_status", "time": 1743455717935, "thread": "TestRunnerManager-0", "pid": 45399, "source": "web-platform-tests", "known_intermittent": [], "subsuite": "", "test": "/html/semantics/forms/constraints/form-validation-validity-patternMismatch.html", "subtest": "[INPUT in PASSWORD status] The value attribute mismatches JavaScript-specific regular expression", "status": "PASS"}
{"action": "test_status", "time": 1743455717935, "thread": "TestRunnerManager-0", "pid": 45399, "source": "web-platform-tests", "known_intermittent": [], "subsuite": "", "test": "/html/semantics/forms/constraints/form-validation-validity-patternMismatch.html", "subtest": "[INPUT in EMAIL status] The pattern attribute is not set, if multiple is present", "status": "PASS"}
{"action": "test_status", "time": 1743455717935, "thread": "TestRunnerManager-0", "pid": 45399, "source": "web-platform-tests", "known_intermittent": [], "subsuite": "", "test": "/html/semantics/forms/constraints/form-validation-validity-patternMismatch.html", "subtest": "[INPUT in EMAIL status] The value attibute is empty string, if multiple is present", "status": "PASS"}
{"action": "test_status", "time": 1743455717935, "thread": "TestRunnerManager-0", "pid": 45399, "source": "web-platform-tests", "known_intermittent": [], "subsuite": "", "test": "/html/semantics/forms/constraints/form-validation-validity-patternMismatch.html", "subtest": "[INPUT in EMAIL status] The value attribute matches the pattern attribute, if multiple is present", "status": "PASS"}
{"action": "test_status", "time": 1743455717935, "thread": "TestRunnerManager-0", "pid": 45399, "source": "web-platform-tests", "known_intermittent": [], "subsuite": "", "test": "/html/semantics/forms/constraints/form-validation-validity-patternMismatch.html", "subtest": "[INPUT in EMAIL status] The value(ABC) in unicode attribute matches the pattern attribute, if multiple is present", "status": "PASS"}
{"action": "test_status", "time": 1743455717935, "thread": "TestRunnerManager-0", "pid": 45399, "source": "web-platform-tests", "known_intermittent": [], "subsuite": "", "test": "/html/semantics/forms/constraints/form-validation-validity-patternMismatch.html", "subtest": "[INPUT in EMAIL status] The value attribute mismatches the pattern attribute, if multiple is present", "status": "PASS"}
{"action": "test_status", "time": 1743455717935, "thread": "TestRunnerManager-0", "pid": 45399, "source": "web-platform-tests", "known_intermittent": [], "subsuite": "", "test": "/html/semantics/forms/constraints/form-validation-validity-patternMismatch.html", "subtest": "[INPUT in EMAIL status] The value attribute mismatches the pattern attribute even when a subset matches, if multiple is present", "status": "PASS"}
{"action": "test_status", "time": 1743455717935, "thread": "TestRunnerManager-0", "pid": 45399, "source": "web-platform-tests", "known_intermittent": [], "subsuite": "", "test": "/html/semantics/forms/constraints/form-validation-validity-patternMismatch.html", "subtest": "[INPUT in EMAIL status] Invalid regular expression gets ignored, if multiple is present", "status": "PASS"}
{"action": "test_status", "time": 1743455717935, "thread": "TestRunnerManager-0", "pid": 45399, "source": "web-platform-tests", "expected": "FAIL", "known_intermittent": [], "subsuite": "", "test": "/html/semantics/forms/constraints/form-validation-validity-patternMismatch.html", "subtest": "[INPUT in EMAIL status] Invalid `v` regular expression gets ignored, if multiple is present", "status": "PASS"}
{"action": "test_status", "time": 1743455717935, "thread": "TestRunnerManager-0", "pid": 45399, "source": "web-platform-tests", "known_intermittent": [], "subsuite": "", "test": "/html/semantics/forms/constraints/form-validation-validity-patternMismatch.html", "subtest": "[INPUT in EMAIL status] The pattern attribute tries to escape a group, if multiple is present", "status": "PASS"}
{"action": "test_status", "time": 1743455717935, "thread": "TestRunnerManager-0", "pid": 45399, "source": "web-platform-tests", "known_intermittent": [], "subsuite": "", "test": "/html/semantics/forms/constraints/form-validation-validity-patternMismatch.html", "subtest": "[INPUT in EMAIL status] The pattern attribute uses Unicode features, if multiple is present", "status": "PASS"}
{"action": "test_status", "time": 1743455717935, "thread": "TestRunnerManager-0", "pid": 45399, "source": "web-platform-tests", "known_intermittent": [], "subsuite": "", "test": "/html/semantics/forms/constraints/form-validation-validity-patternMismatch.html", "subtest": "[INPUT in EMAIL status] The value attribute matches JavaScript-specific regular expression, if multiple is present", "status": "PASS"}
{"action": "test_status", "time": 1743455717935, "thread": "TestRunnerManager-0", "pid": 45399, "source": "web-platform-tests", "known_intermittent": [], "subsuite": "", "test": "/html/semantics/forms/constraints/form-validation-validity-patternMismatch.html", "subtest": "[INPUT in EMAIL status] The value attribute mismatches JavaScript-specific regular expression, if multiple is present", "status": "PASS"}
{"action": "test_status", "time": 1743455717935, "thread": "TestRunnerManager-0", "pid": 45399, "source": "web-platform-tests", "known_intermittent": [], "subsuite": "", "test": "/html/semantics/forms/constraints/form-validation-validity-patternMismatch.html", "subtest": "[INPUT in EMAIL status] Commas should be stripped from regex input, if multiple is present", "status": "PASS"}
{"action": "test_end", "time": 1743455717935, "thread": "TestRunnerManager-0", "pid": 45399, "source": "web-platform-tests", "known_intermittent": [], "extra": {"test_timeout": 10}, "subsuite": "", "test": "/html/semantics/forms/constraints/form-validation-validity-patternMismatch.html", "status": "OK"}
{"action": "log", "time": 1743455717935, "thread": "TestRunnerManager-0", "pid": 45399, "source": "web-platform-tests", "message": "No more tests", "level": "INFO"}
{"action": "log", "time": 1743455717935, "thread": "TestRunnerManager-0", "pid": 45399, "source": "web-platform-tests", "message": "new state: stop", "level": "DEBUG"}
{"action": "log", "time": 1743455717935, "thread": "TestRunnerManager-0", "pid": 45399, "source": "web-platform-tests", "message": "TestRunnerManager main loop terminating, starting cleanup", "level": "DEBUG"}
{"action": "log", "time": 1743455717935, "thread": "TestRunnerManager-0", "pid": 45399, "source": "web-platform-tests", "message": "Stopping runner process", "level": "DEBUG"}
{"action": "log", "time": 1743455717963, "thread": "TestRunnerManager-0", "pid": 45399, "source": "web-platform-tests", "message": "Runner process exited with code 0", "level": "DEBUG"}
{"action": "log", "time": 1743455717963, "thread": "TestRunnerManager-0", "pid": 45399, "source": "web-platform-tests", "message": "TestRunnerManager cleanup", "level": "DEBUG"}
{"action": "log", "time": 1743455717936, "thread": "MainThread", "pid": 45437, "source": "TestRunner-0", "message": "Closing logging queue", "exc_info": false, "level": "INFO"}
{"action": "log", "time": 1743455717936, "thread": "MainThread", "pid": 45437, "source": "TestRunner-0", "message": "queue closed", "exc_info": false, "level": "INFO"}
{"action": "log", "time": 1743455717964, "thread": "TestRunnerManager-0", "pid": 45399, "source": "web-platform-tests", "message": "TestRunnerManager teardown", "level": "DEBUG"}
{"action": "log", "time": 1743455717964, "thread": "TestRunnerManager-0", "pid": 45399, "source": "web-platform-tests", "message": "TestRunnerManager main loop terminated", "level": "DEBUG"}
{"action": "log", "time": 1743455717964, "thread": "MainThread", "pid": 45399, "source": "web-platform-tests", "message": "Stop flag set in ManagerGroup", "level": "DEBUG"}
{"action": "suite_end", "time": 1743455717964, "thread": "MainThread", "pid": 45399, "source": "web-platform-tests"}
{"action": "log", "time": 1743455717964, "thread": "MainThread", "pid": 45399, "source": "web-platform-tests", "message": "Got 2 unexpected results, with 2 unexpected passes", "level": "INFO"}
{"action": "log", "time": 1743455718218, "thread": "MainThread", "pid": 45413, "source": "None", "component": "wptserve", "message": "Stopped http server on 127.0.0.1:8003", "exc_info": false, "level": "INFO"}
{"action": "log", "time": 1743455718218, "thread": "MainThread", "pid": 45412, "source": "None", "component": "wptserve", "message": "Stopped http server on 127.0.0.1:8002", "exc_info": false, "level": "INFO"}
{"action": "log", "time": 1743455718218, "thread": "MainThread", "pid": 45414, "source": "None", "component": "wptserve", "message": "Stopped http server on 127.0.0.1:8443", "exc_info": false, "level": "INFO"}
{"action": "log", "time": 1743455718218, "thread": "MainThread", "pid": 45415, "source": "None", "component": "wptserve", "message": "Stopped http server on 127.0.0.1:8444", "exc_info": false, "level": "INFO"}
{"action": "log", "time": 1743455718218, "thread": "MainThread", "pid": 45417, "source": "None", "component": "wptserve", "message": "Stopped http server on 127.0.0.1:8446", "exc_info": false, "level": "INFO"}
{"action": "log", "time": 1743455718218, "thread": "MainThread", "pid": 45411, "source": "None", "component": "wptserve", "message": "Stopped http server on 127.0.0.1:8001", "exc_info": false, "level": "INFO"}
{"action": "log", "time": 1743455718218, "thread": "MainThread", "pid": 45416, "source": "None", "component": "wptserve", "message": "Stopped http server on 127.0.0.1:8445", "exc_info": false, "level": "INFO"}
{"action": "log", "time": 1743455718220, "thread": "MainThread", "pid": 45420, "source": "None", "component": "wptserve", "message": "Stopped http server on 127.0.0.1:9000", "exc_info": false, "level": "INFO"}
{"action": "log", "time": 1743455718226, "thread": "MainThread", "pid": 45419, "source": "None", "component": "wptserve", "message": "Close on: (<AddressFamily.AF_INET6: 30>, <SocketKind.SOCK_STREAM: 1>, '', '', '')", "exc_info": false, "level": "INFO"}
{"action": "log", "time": 1743455718240, "thread": "MainThread", "pid": 45418, "source": "None", "component": "wptserve", "message": "Close on: (<AddressFamily.AF_INET6: 30>, <SocketKind.SOCK_STREAM: 1>, '', '', '')", "exc_info": false, "level": "INFO"}
{"action": "log", "time": 1743455718316, "thread": "MainThread", "pid": 45410, "source": "None", "component": "wptserve", "message": "Stopped http server on 127.0.0.1:8000", "exc_info": false, "level": "INFO"}
{"action": "log", "time": 1743455718352, "thread": "MainThread", "pid": 45399, "source": "web-platform-tests", "message": "Closing logging queue", "level": "INFO"}
{"action": "log", "time": 1743455718352, "thread": "MainThread", "pid": 45399, "source": "web-platform-tests", "message": "queue closed", "level": "INFO"}
