{"thread": "MainThread", "level": "DEBUG", "pid": 28315, "component": "vcs", "source": "web-platform-tests", "time": 1546971347685, "action": "log", "message": "git rev-parse --show-toplevel"}
{"thread": "MainThread", "level": "DEBUG", "pid": 28315, "component": "vcs", "source": "web-platform-tests", "time": 1546971347692, "action": "log", "message": "git rev-parse --show-cdup"}
{"thread": "MainThread", "level": "DEBUG", "pid": 28315, "component": "vcs", "source": "web-platform-tests", "time": 1546971347696, "action": "log", "message": "git rev-parse HEAD"}
{"source": "web-platform-tests", "thread": "MainThread", "time": 1546971350681, "action": "log", "message": "Using 8 client processes", "level": "INFO", "pid": 28315}
{"thread": "MainThread", "level": "INFO", "pid": 28335, "source": "web-platform-tests", "time": 1546971351154, "action": "log", "message": "Starting http server on 127.0.0.1:8000"}
{"thread": "MainThread", "level": "INFO", "pid": 28337, "source": "web-platform-tests", "time": 1546971351156, "action": "log", "message": "Starting http server on 127.0.0.1:8001"}
{"thread": "MainThread", "level": "INFO", "pid": 28341, "source": "web-platform-tests", "time": 1546971351181, "action": "log", "message": "Starting https server on 127.0.0.1:8443"}
{"tests": {"default": ["/workers/worker-performance.worker.html"]}, "name": "web-platform-test", "thread": "MainThread", "extra": {"run_by_dir": false}, "pid": 28315, "source": "web-platform-tests", "run_info": {"product": "servo", "bits": 64, "has_sandbox": true, "linux_distro": "Ubuntu", "verify": false, "automation": false, "os_version": "18.04", "version": "Ubuntu 18.04", "wasm": false, "webrender": false, "debug": true, "os": "linux", "processor": "x86_64", "revision": "fd78dc33ae4d476e4047805b9f96a1c95c010e18"}, "time": 1546971351656, "action": "suite_start"}
{"source": "web-platform-tests", "thread": "MainThread", "time": 1546971351657, "action": "log", "message": "Running reftest tests", "level": "INFO", "pid": 28315}
{"source": "web-platform-tests", "thread": "MainThread", "time": 1546971351661, "action": "log", "message": "Using 8 processes", "level": "DEBUG", "pid": 28315}
{"source": "web-platform-tests", "thread": "MainThread", "time": 1546971351661, "action": "log", "message": "No reftest tests to run", "level": "INFO", "pid": 28315}
{"source": "web-platform-tests", "thread": "MainThread", "time": 1546971351661, "action": "log", "message": "Stop flag set in ManagerGroup", "level": "DEBUG", "pid": 28315}
{"source": "web-platform-tests", "thread": "MainThread", "time": 1546971351661, "action": "log", "message": "Running wdspec tests", "level": "INFO", "pid": 28315}
{"source": "web-platform-tests", "thread": "MainThread", "time": 1546971351662, "action": "log", "message": "Using 8 processes", "level": "DEBUG", "pid": 28315}
{"source": "web-platform-tests", "thread": "MainThread", "time": 1546971351662, "action": "log", "message": "No wdspec tests to run", "level": "INFO", "pid": 28315}
{"source": "web-platform-tests", "thread": "MainThread", "time": 1546971351662, "action": "log", "message": "Stop flag set in ManagerGroup", "level": "DEBUG", "pid": 28315}
{"source": "web-platform-tests", "thread": "MainThread", "time": 1546971351662, "action": "log", "message": "Running testharness tests", "level": "INFO", "pid": 28315}
{"source": "web-platform-tests", "thread": "MainThread", "time": 1546971351662, "action": "log", "message": "Using 8 processes", "level": "DEBUG", "pid": 28315}
{"source": "web-platform-tests", "thread": "TestRunnerManager-1", "time": 1546971351664, "action": "log", "message": "Dispatch start_init", "level": "DEBUG", "pid": 28315}
{"source": "web-platform-tests", "thread": "TestRunnerManager-1", "time": 1546971351665, "action": "log", "message": "new state: initializing_browser", "level": "DEBUG", "pid": 28315}
{"source": "web-platform-tests", "thread": "TestRunnerManager-1", "time": 1546971351665, "action": "log", "message": "Dispatch init", "level": "DEBUG", "pid": 28315}
{"source": "web-platform-tests", "thread": "TestRunnerManager-1", "time": 1546971351665, "action": "log", "message": "Init called, starting browser and runner", "level": "DEBUG", "pid": 28315}
{"source": "web-platform-tests", "thread": "TestRunnerManager-3", "time": 1546971351666, "action": "log", "message": "Dispatch start_init", "level": "DEBUG", "pid": 28315}
{"source": "web-platform-tests", "thread": "TestRunnerManager-2", "time": 1546971351666, "action": "log", "message": "Dispatch start_init", "level": "DEBUG", "pid": 28315}
{"source": "web-platform-tests", "thread": "TestRunnerManager-1", "time": 1546971351666, "action": "log", "message": "Starting browser with settings {}", "level": "DEBUG", "pid": 28315}
{"source": "web-platform-tests", "thread": "TestRunnerManager-1", "time": 1546971351667, "action": "log", "message": "Starting runner", "level": "INFO", "pid": 28315}
{"source": "web-platform-tests", "thread": "TestRunnerManager-2", "time": 1546971351667, "action": "log", "message": "No more tests", "level": "INFO", "pid": 28315}
{"source": "web-platform-tests", "thread": "TestRunnerManager-4", "time": 1546971351667, "action": "log", "message": "Dispatch start_init", "level": "DEBUG", "pid": 28315}
{"source": "web-platform-tests", "thread": "TestRunnerManager-3", "time": 1546971351668, "action": "log", "message": "No more tests", "level": "INFO", "pid": 28315}
{"source": "web-platform-tests", "thread": "TestRunnerManager-1", "time": 1546971351675, "action": "log", "message": "Test runner started", "level": "DEBUG", "pid": 28315}
{"source": "web-platform-tests", "thread": "TestRunnerManager-2", "time": 1546971351677, "action": "log", "message": "new state: stop", "level": "DEBUG", "pid": 28315}
{"source": "web-platform-tests", "thread": "TestRunnerManager-5", "time": 1546971351678, "action": "log", "message": "Dispatch start_init", "level": "DEBUG", "pid": 28315}
{"source": "web-platform-tests", "thread": "TestRunnerManager-4", "time": 1546971351678, "action": "log", "message": "No more tests", "level": "INFO", "pid": 28315}
{"source": "web-platform-tests", "thread": "TestRunnerManager-3", "time": 1546971351679, "action": "log", "message": "new state: stop", "level": "DEBUG", "pid": 28315}
{"source": "web-platform-tests", "thread": "TestRunnerManager-6", "time": 1546971351679, "action": "log", "message": "Dispatch start_init", "level": "DEBUG", "pid": 28315}
{"source": "web-platform-tests", "thread": "TestRunnerManager-2", "time": 1546971351679, "action": "log", "message": "TestRunnerManager main loop terminating, starting cleanup", "level": "DEBUG", "pid": 28315}
{"source": "web-platform-tests", "thread": "TestRunnerManager-1", "time": 1546971351680, "action": "log", "message": "Got command: u'log'", "level": "DEBUG", "pid": 28315}
{"source": "web-platform-tests", "thread": "TestRunnerManager-7", "time": 1546971351680, "action": "log", "message": "Dispatch start_init", "level": "DEBUG", "pid": 28315}
{"source": "web-platform-tests", "thread": "TestRunnerManager-5", "time": 1546971351680, "action": "log", "message": "No more tests", "level": "INFO", "pid": 28315}
{"source": "web-platform-tests", "thread": "TestRunnerManager-4", "time": 1546971351680, "action": "log", "message": "new state: stop", "level": "DEBUG", "pid": 28315}
{"source": "web-platform-tests", "thread": "TestRunnerManager-3", "time": 1546971351680, "action": "log", "message": "TestRunnerManager main loop terminating, starting cleanup", "level": "DEBUG", "pid": 28315}
{"source": "web-platform-tests", "thread": "TestRunnerManager-2", "time": 1546971351680, "action": "log", "message": "TestRunnerManager teardown", "level": "DEBUG", "pid": 28315}
{"source": "web-platform-tests", "thread": "TestRunnerManager-6", "time": 1546971351680, "action": "log", "message": "No more tests", "level": "INFO", "pid": 28315}
{"source": "web-platform-tests", "thread": "TestRunnerManager-8", "time": 1546971351681, "action": "log", "message": "Dispatch start_init", "level": "DEBUG", "pid": 28315}
{"source": "web-platform-tests", "thread": "TestRunnerManager-1", "time": 1546971351681, "action": "log", "message": "Executor setup", "level": "DEBUG", "pid": 28315}
{"source": "web-platform-tests", "thread": "TestRunnerManager-7", "time": 1546971351681, "action": "log", "message": "No more tests", "level": "INFO", "pid": 28315}
{"source": "web-platform-tests", "thread": "TestRunnerManager-5", "time": 1546971351681, "action": "log", "message": "new state: stop", "level": "DEBUG", "pid": 28315}
{"source": "web-platform-tests", "thread": "TestRunnerManager-4", "time": 1546971351681, "action": "log", "message": "TestRunnerManager main loop terminating, starting cleanup", "level": "DEBUG", "pid": 28315}
{"source": "web-platform-tests", "thread": "TestRunnerManager-3", "time": 1546971351681, "action": "log", "message": "TestRunnerManager teardown", "level": "DEBUG", "pid": 28315}
{"source": "web-platform-tests", "thread": "TestRunnerManager-6", "time": 1546971351681, "action": "log", "message": "new state: stop", "level": "DEBUG", "pid": 28315}
{"source": "web-platform-tests", "thread": "TestRunnerManager-8", "time": 1546971351682, "action": "log", "message": "No more tests", "level": "INFO", "pid": 28315}
{"source": "web-platform-tests", "thread": "TestRunnerManager-1", "time": 1546971351682, "action": "log", "message": "Got command: 'init_succeeded'", "level": "DEBUG", "pid": 28315}
{"source": "web-platform-tests", "thread": "TestRunnerManager-7", "time": 1546971351682, "action": "log", "message": "new state: stop", "level": "DEBUG", "pid": 28315}
{"source": "web-platform-tests", "thread": "TestRunnerManager-5", "time": 1546971351682, "action": "log", "message": "TestRunnerManager main loop terminating, starting cleanup", "level": "DEBUG", "pid": 28315}
{"source": "web-platform-tests", "thread": "TestRunnerManager-4", "time": 1546971351682, "action": "log", "message": "TestRunnerManager teardown", "level": "DEBUG", "pid": 28315}
{"source": "web-platform-tests", "thread": "TestRunnerManager-6", "time": 1546971351682, "action": "log", "message": "TestRunnerManager main loop terminating, starting cleanup", "level": "DEBUG", "pid": 28315}
{"source": "web-platform-tests", "thread": "TestRunnerManager-8", "time": 1546971351682, "action": "log", "message": "new state: stop", "level": "DEBUG", "pid": 28315}
{"source": "web-platform-tests", "thread": "TestRunnerManager-1", "time": 1546971351682, "action": "log", "message": "new state: running", "level": "DEBUG", "pid": 28315}
{"source": "web-platform-tests", "thread": "TestRunnerManager-7", "time": 1546971351683, "action": "log", "message": "TestRunnerManager main loop terminating, starting cleanup", "level": "DEBUG", "pid": 28315}
{"source": "web-platform-tests", "thread": "TestRunnerManager-5", "time": 1546971351683, "action": "log", "message": "TestRunnerManager teardown", "level": "DEBUG", "pid": 28315}
{"source": "web-platform-tests", "thread": "TestRunnerManager-6", "time": 1546971351683, "action": "log", "message": "TestRunnerManager teardown", "level": "DEBUG", "pid": 28315}
{"source": "web-platform-tests", "thread": "TestRunnerManager-8", "time": 1546971351683, "action": "log", "message": "TestRunnerManager main loop terminating, starting cleanup", "level": "DEBUG", "pid": 28315}
{"source": "web-platform-tests", "thread": "TestRunnerManager-1", "time": 1546971351683, "action": "log", "message": "Dispatch run_test", "level": "DEBUG", "pid": 28315}
{"source": "web-platform-tests", "thread": "TestRunnerManager-7", "time": 1546971351683, "action": "log", "message": "TestRunnerManager teardown", "level": "DEBUG", "pid": 28315}
{"source": "web-platform-tests", "thread": "TestRunnerManager-8", "time": 1546971351683, "action": "log", "message": "TestRunnerManager teardown", "level": "DEBUG", "pid": 28315}
{"source": "web-platform-tests", "test": "/workers/worker-performance.worker.html", "thread": "TestRunnerManager-1", "time": 1546971351684, "action": "test_start", "pid": 28315}
{"source": "web-platform-tests", "thread": "TestRunnerManager-1", "time": 1546971351685, "action": "log", "message": "Got command: u'log'", "level": "DEBUG", "pid": 28315}
{"source": "web-platform-tests", "thread": "TestRunnerManager-1", "time": 1546971351685, "action": "log", "message": "Executor setup done", "level": "DEBUG", "pid": 28315}
{"source": "web-platform-tests", "thread": "TestRunnerManager-1", "time": 1546971375704, "action": "log", "message": "Got command: u'log'", "level": "DEBUG", "pid": 28315}
{"source": "web-platform-tests", "thread": "TestRunnerManager-1", "time": 1546971375704, "action": "log", "message": "Pausing until the browser exits", "level": "INFO", "pid": 28315}
{"source": "web-platform-tests", "thread": "TestRunnerManager-1", "time": 1546971375704, "action": "log", "message": "Got command: 'test_ended'", "level": "DEBUG", "pid": 28315}
{"status": "PASS", "thread": "TestRunnerManager-1", "subtest": "Can use performance.now in workers", "pid": 28315, "source": "web-platform-tests", "test": "/workers/worker-performance.worker.html", "time": 1546971375704, "action": "test_status"}
{"status": "PASS", "thread": "TestRunnerManager-1", "subtest": "Can use performance.mark in workers", "pid": 28315, "source": "web-platform-tests", "test": "/workers/worker-performance.worker.html", "time": 1546971375704, "action": "test_status"}
{"status": "PASS", "thread": "TestRunnerManager-1", "subtest": "Can use performance.measure in workers", "pid": 28315, "source": "web-platform-tests", "test": "/workers/worker-performance.worker.html", "time": 1546971375704, "action": "test_status"}
{"status": "PASS", "thread": "TestRunnerManager-1", "subtest": "Can use performance.getEntriesByName in workers", "pid": 28315, "source": "web-platform-tests", "test": "/workers/worker-performance.worker.html", "time": 1546971375704, "action": "test_status"}
{"status": "FAIL", "thread": "TestRunnerManager-1", "subtest": "Can use performance.getEntriesByType in workers", "pid": 28315, "source": "web-platform-tests", "test": "/workers/worker-performance.worker.html", "time": 1546971375704, "action": "test_status", "message": "assert_equals: Measure entryhas the right duration expected 0.16649400000000014 but got 0", "stack": "verifyEntry@http://web-platform.test:8000/workers/worker-performance.worker.js:10:5\ntestPerformanceGetEntriesByType@http://web-platform.test:8000/workers/worker-performance.worker.js:46:5\nTest.prototype.step@http://web-platform.test:8000/resources/testharness.js:1566:20\ntest@http://web-platform.test:8000/resources/testharness.js:544:21\n@http://web-platform.test:8000/workers/worker-performance.worker.js:39:1\n"}
{"status": "FAIL", "thread": "TestRunnerManager-1", "subtest": "Performance marks and measures seem to be working correctly in workers", "pid": 28315, "source": "web-platform-tests", "test": "/workers/worker-performance.worker.html", "time": 1546971375704, "action": "test_status", "message": "assert_equals: measure's startTime is the first mark's startTime expected 74.149736 but got 0", "stack": "testPerformanceEntryOrder@http://web-platform.test:8000/workers/worker-performance.worker.js:52:5\nTest.prototype.step@http://web-platform.test:8000/resources/testharness.js:1566:20\ntest@http://web-platform.test:8000/resources/testharness.js:544:21\n@http://web-platform.test:8000/workers/worker-performance.worker.js:49:1\n"}
{"status": "FAIL", "thread": "TestRunnerManager-1", "subtest": "Can use clearMarks and clearMeasures in workers", "pid": 28315, "source": "web-platform-tests", "test": "/workers/worker-performance.worker.html", "time": 1546971375705, "action": "test_status", "message": "assert_equals: clearMarks cleared the marks expected 0 but got 2", "stack": "testPerformanceClearing@http://web-platform.test:8000/workers/worker-performance.worker.js:57:5\nTest.prototype.step@http://web-platform.test:8000/resources/testharness.js:1566:20\ntest@http://web-platform.test:8000/resources/testharness.js:544:21\n@http://web-platform.test:8000/workers/worker-performance.worker.js:55:1\n"}
{"status": "FAIL", "thread": "TestRunnerManager-1", "subtest": "Resource timing seems to work in workers", "pid": 28315, "source": "web-platform-tests", "test": "/workers/worker-performance.worker.html", "time": 1546971375705, "action": "test_status", "message": "assert_equals: getEntriesByType(\"resource\") returns one entry with initiatorType of xmlhttprequest expected 1 but got 0", "stack": "testPerformanceResourceTiming@http://web-platform.test:8000/workers/worker-performance.worker.js:70:5\nTest.prototype.step@http://web-platform.test:8000/resources/testharness.js:1566:20\ntest@http://web-platform.test:8000/resources/testharness.js:544:21\n@http://web-platform.test:8000/workers/worker-performance.worker.js:62:1\n"}
{"source": "web-platform-tests", "thread": "TestRunnerManager-1", "time": 1546971375705, "action": "log", "message": "Unexpected count in this thread 1", "level": "DEBUG", "pid": 28315}
{"status": "PASS", "thread": "TestRunnerManager-1", "subtest": "performance.clearResourceTimings in workers", "pid": 28315, "source": "web-platform-tests", "test": "/workers/worker-performance.worker.html", "time": 1546971375705, "action": "test_status", "expected": "FAIL"}
{"source": "web-platform-tests", "thread": "TestRunnerManager-1", "time": 1546971375705, "action": "log", "message": "Unexpected count in this thread 2", "level": "DEBUG", "pid": 28315}
{"status": "PASS", "thread": "TestRunnerManager-1", "subtest": "performance.setResourceTimingBufferSize in workers", "pid": 28315, "source": "web-platform-tests", "test": "/workers/worker-performance.worker.html", "time": 1546971375705, "action": "test_status", "expected": "FAIL"}
{"status": "FAIL", "thread": "TestRunnerManager-1", "subtest": "performance.timing is not available in workers", "pid": 28315, "source": "web-platform-tests", "test": "/workers/worker-performance.worker.html", "time": 1546971375705, "action": "test_status", "message": "assert_equals: performance.timing is undefined expected \"undefined\" but got \"function\"", "stack": "testPerformanceHasNoTiming@http://web-platform.test:8000/workers/worker-performance.worker.js:107:5\nTest.prototype.step@http://web-platform.test:8000/resources/testharness.js:1566:20\ntest@http://web-platform.test:8000/resources/testharness.js:544:21\n@http://web-platform.test:8000/workers/worker-performance.worker.js:106:1\n"}
{"status": "PASS", "thread": "TestRunnerManager-1", "subtest": "performance.navigation is not available in workers", "pid": 28315, "source": "web-platform-tests", "test": "/workers/worker-performance.worker.html", "time": 1546971375705, "action": "test_status"}
{"status": "FAIL", "thread": "TestRunnerManager-1", "subtest": "performance.toJSON is available in workers", "pid": 28315, "source": "web-platform-tests", "test": "/workers/worker-performance.worker.html", "time": 1546971375705, "action": "test_status", "message": "assert_equals: performance.toJSON is a function expected \"function\" but got \"undefined\"", "stack": "testPerformanceHasToJSON@http://web-platform.test:8000/workers/worker-performance.worker.js:115:5\nTest.prototype.step@http://web-platform.test:8000/resources/testharness.js:1566:20\ntest@http://web-platform.test:8000/resources/testharness.js:544:21\n@http://web-platform.test:8000/workers/worker-performance.worker.js:114:1\n"}
{"status": "PASS", "thread": "TestRunnerManager-1", "subtest": "There are no navigation type performance entries in workers", "pid": 28315, "source": "web-platform-tests", "test": "/workers/worker-performance.worker.html", "time": 1546971375705, "action": "test_status"}
{"status": "OK", "thread": "TestRunnerManager-1", "extra": {"test_timeout": 10}, "pid": 28315, "source": "web-platform-tests", "test": "/workers/worker-performance.worker.html", "time": 1546971375705, "action": "test_end"}
{"source": "web-platform-tests", "thread": "TestRunnerManager-1", "time": 1546971375705, "action": "log", "message": "Pausing until the browser exits", "level": "INFO", "pid": 28315}
{"source": "web-platform-tests", "thread": "TestRunnerManager-1", "time": 1546971375706, "action": "log", "message": "Got command: u'wait_finished'", "level": "DEBUG", "pid": 28315}
{"source": "web-platform-tests", "thread": "TestRunnerManager-1", "time": 1546971375706, "action": "log", "message": "Wait finished", "level": "DEBUG", "pid": 28315}
{"source": "web-platform-tests", "thread": "TestRunnerManager-1", "time": 1546971375706, "action": "log", "message": "No more tests", "level": "INFO", "pid": 28315}
{"source": "web-platform-tests", "thread": "TestRunnerManager-1", "time": 1546971375706, "action": "log", "message": "new state: stop", "level": "DEBUG", "pid": 28315}
{"source": "web-platform-tests", "thread": "TestRunnerManager-1", "time": 1546971375706, "action": "log", "message": "TestRunnerManager main loop terminating, starting cleanup", "level": "DEBUG", "pid": 28315}
{"source": "web-platform-tests", "thread": "TestRunnerManager-1", "time": 1546971375706, "action": "log", "message": "ensure_runner_stopped", "level": "DEBUG", "pid": 28315}
{"source": "web-platform-tests", "thread": "TestRunnerManager-1", "time": 1546971375706, "action": "log", "message": "waiting for runner process to end", "level": "DEBUG", "pid": 28315}
{"source": "web-platform-tests", "thread": "TestRunnerManager-1", "time": 1546971375721, "action": "log", "message": "After join", "level": "DEBUG", "pid": 28315}
{"source": "web-platform-tests", "thread": "TestRunnerManager-1", "time": 1546971375722, "action": "log", "message": "Runner process exited with code 0", "level": "DEBUG", "pid": 28315}
{"source": "web-platform-tests", "thread": "TestRunnerManager-1", "time": 1546971375722, "action": "log", "message": "TestRunnerManager cleanup", "level": "DEBUG", "pid": 28315}
{"source": "web-platform-tests", "thread": "TestRunnerManager-1", "time": 1546971375722, "action": "log", "message": "Closing logging queue", "level": "INFO", "pid": 28315}
{"source": "web-platform-tests", "thread": "TestRunnerManager-1", "time": 1546971375722, "action": "log", "message": "queue closed", "level": "INFO", "pid": 28315}
{"source": "web-platform-tests", "thread": "TestRunnerManager-1", "time": 1546971375722, "action": "log", "message": "TestRunnerManager teardown", "level": "DEBUG", "pid": 28315}
{"source": "web-platform-tests", "thread": "TestRunnerManager-1", "time": 1546971375722, "action": "log", "message": "TestRunnerManager main loop terminated", "level": "DEBUG", "pid": 28315}
{"source": "web-platform-tests", "thread": "MainThread", "time": 1546971375722, "action": "log", "message": "Stop flag set in ManagerGroup", "level": "DEBUG", "pid": 28315}
{"source": "web-platform-tests", "thread": "MainThread", "time": 1546971375722, "action": "log", "message": "Got 2 unexpected results", "level": "INFO", "pid": 28315}
{"action": "suite_end", "source": "web-platform-tests", "pid": 28315, "thread": "MainThread", "time": 1546971375722}
{"source": "web-platform-tests", "thread": "MainThread", "time": 1546971375792, "action": "log", "message": "Closing logging queue", "level": "INFO", "pid": 28315}
{"source": "web-platform-tests", "thread": "MainThread", "time": 1546971375793, "action": "log", "message": "queue closed", "level": "INFO", "pid": 28315}
